This is pdfTeX, Version 3.141592653-2.6-1.40.26 (TeX Live 2024) (preloaded format=pdflatex 2025.1.5)  2 FEB 2026 20:34
entering extended mode
 restricted \write18 enabled.
 file:line:error style messages enabled.
 %&-line parsing enabled.
**/Users/michaelbest/Documents/GitHub/un3902-economics-of-public-policy-seminar/Week3-Externalities1/Slides_Week03.tex
(/Users/michaelbest/Documents/GitHub/un3902-economics-of-public-policy-seminar/Week3-Externalities1/Slides_Week03.tex
LaTeX2e <2023-11-01> patch level 1
L3 programming layer <2024-02-20>
(/usr/local/texlive/2024/texmf-dist/tex/latex/beamer/beamer.cls
Document Class: beamer 2024/01/06 v3.71 A class for typesetting presentations
(/usr/local/texlive/2024/texmf-dist/tex/latex/beamer/beamerbasemodes.sty (/usr/local/texlive/2024/texmf-dist/tex/latex/etoolbox/etoolbox.sty
Package: etoolbox 2020/10/05 v2.5k e-TeX tools for LaTeX (JAW)
\etb@tempcnta=\count188
)
\beamer@tempbox=\box51
\beamer@tempcount=\count189
\c@beamerpauses=\count190
 (/usr/local/texlive/2024/texmf-dist/tex/latex/beamer/beamerbasedecode.sty
\beamer@slideinframe=\count191
\beamer@minimum=\count192
\beamer@decode@box=\box52
)
\beamer@commentbox=\box53
\beamer@modecount=\count193
) (/usr/local/texlive/2024/texmf-dist/tex/generic/iftex/iftex.sty
Package: iftex 2022/02/03 v1.0f TeX engine tests
)
\headdp=\dimen140
\footheight=\dimen141
\sidebarheight=\dimen142
\beamer@tempdim=\dimen143
\beamer@finalheight=\dimen144
\beamer@animht=\dimen145
\beamer@animdp=\dimen146
\beamer@animwd=\dimen147
\beamer@leftmargin=\dimen148
\beamer@rightmargin=\dimen149
\beamer@leftsidebar=\dimen150
\beamer@rightsidebar=\dimen151
\beamer@boxsize=\dimen152
\beamer@vboxoffset=\dimen153
\beamer@descdefault=\dimen154
\beamer@descriptionwidth=\dimen155
\beamer@lastskip=\skip48
\beamer@areabox=\box54
\beamer@animcurrent=\box55
\beamer@animshowbox=\box56
\beamer@sectionbox=\box57
\beamer@logobox=\box58
\beamer@linebox=\box59
\beamer@sectioncount=\count194
\beamer@subsubsectionmax=\count195
\beamer@subsectionmax=\count196
\beamer@sectionmax=\count197
\beamer@totalheads=\count198
\beamer@headcounter=\count199
\beamer@partstartpage=\count266
\beamer@sectionstartpage=\count267
\beamer@subsectionstartpage=\count268
\beamer@animationtempa=\count269
\beamer@animationtempb=\count270
\beamer@xpos=\count271
\beamer@ypos=\count272
\beamer@ypos@offset=\count273
\beamer@showpartnumber=\count274
\beamer@currentsubsection=\count275
\beamer@coveringdepth=\count276
\beamer@sectionadjust=\count277
\beamer@toclastsection=\count278
\beamer@tocsectionnumber=\count279
 (/usr/local/texlive/2024/texmf-dist/tex/latex/beamer/beamerbaseoptions.sty (/usr/local/texlive/2024/texmf-dist/tex/latex/graphics/keyval.sty
Package: keyval 2022/05/29 v1.15 key=value parser (DPC)
\KV@toks@=\toks17
))
\beamer@paperwidth=\skip49
\beamer@paperheight=\skip50
 (/usr/local/texlive/2024/texmf-dist/tex/latex/geometry/geometry.sty
Package: geometry 2020/01/02 v5.9 Page Geometry
 (/usr/local/texlive/2024/texmf-dist/tex/generic/iftex/ifvtex.sty
Package: ifvtex 2019/10/25 v1.7 ifvtex legacy package. Use iftex instead.
)
\Gm@cnth=\count280
\Gm@cntv=\count281
\c@Gm@tempcnt=\count282
\Gm@bindingoffset=\dimen156
\Gm@wd@mp=\dimen157
\Gm@odd@mp=\dimen158
\Gm@even@mp=\dimen159
\Gm@layoutwidth=\dimen160
\Gm@layoutheight=\dimen161
\Gm@layouthoffset=\dimen162
\Gm@layoutvoffset=\dimen163
\Gm@dimlist=\toks18
) (/usr/local/texlive/2024/texmf-dist/tex/latex/pgf/math/pgfmath.sty (/usr/local/texlive/2024/texmf-dist/tex/latex/pgf/utilities/pgfrcs.sty (/usr/local/texlive/2024/texmf-dist/tex/generic/pgf/utilities/pgfutil-common.tex
\pgfutil@everybye=\toks19
\pgfutil@tempdima=\dimen164
\pgfutil@tempdimb=\dimen165
) (/usr/local/texlive/2024/texmf-dist/tex/generic/pgf/utilities/pgfutil-latex.def
\pgfutil@abb=\box60
) (/usr/local/texlive/2024/texmf-dist/tex/generic/pgf/utilities/pgfrcs.code.tex (/usr/local/texlive/2024/texmf-dist/tex/generic/pgf/pgf.revision.tex)
Package: pgfrcs 2023-01-15 v3.1.10 (3.1.10)
)) (/usr/local/texlive/2024/texmf-dist/tex/latex/pgf/utilities/pgfkeys.sty (/usr/local/texlive/2024/texmf-dist/tex/generic/pgf/utilities/pgfkeys.code.tex
\pgfkeys@pathtoks=\toks20
\pgfkeys@temptoks=\toks21
 (/usr/local/texlive/2024/texmf-dist/tex/generic/pgf/utilities/pgfkeyslibraryfiltered.code.tex
\pgfkeys@tmptoks=\toks22
))) (/usr/local/texlive/2024/texmf-dist/tex/generic/pgf/math/pgfmath.code.tex (/usr/local/texlive/2024/texmf-dist/tex/generic/pgf/math/pgfmathutil.code.tex
\pgf@x=\dimen166
\pgf@xa=\dimen167
\pgf@xb=\dimen168
\pgf@xc=\dimen169
\pgf@y=\dimen170
\pgf@ya=\dimen171
\pgf@yb=\dimen172
\pgf@yc=\dimen173
\c@pgf@counta=\count283
\c@pgf@countb=\count284
\c@pgf@countc=\count285
\c@pgf@countd=\count286
) (/usr/local/texlive/2024/texmf-dist/tex/generic/pgf/math/pgfmathparser.code.tex
\pgfmath@dimen=\dimen174
\pgfmath@count=\count287
\pgfmath@box=\box61
\pgfmath@toks=\toks23
\pgfmath@stack@operand=\toks24
\pgfmath@stack@operation=\toks25
) (/usr/local/texlive/2024/texmf-dist/tex/generic/pgf/math/pgfmathfunctions.code.tex) (/usr/local/texlive/2024/texmf-dist/tex/generic/pgf/math/pgfmathfunctions.basic.code.tex) (/usr/local/texlive/2024/texmf-dist/tex/generic/pgf/math/pgfmathfunctions.trigonometric.code.tex) (/usr/local/texlive/2024/texmf-dist/tex/generic/pgf/math/pgfmathfunctions.random.code.tex) (/usr/local/texlive/2024/texmf-dist/tex/generic/pgf/math/pgfmathfunctions.comparison.code.tex) (/usr/local/texlive/2024/texmf-dist/tex/generic/pgf/math/pgfmathfunctions.base.code.tex) (/usr/local/texlive/2024/texmf-dist/tex/generic/pgf/math/pgfmathfunctions.round.code.tex) (/usr/local/texlive/2024/texmf-dist/tex/generic/pgf/math/pgfmathfunctions.misc.code.tex) (/usr/local/texlive/2024/texmf-dist/tex/generic/pgf/math/pgfmathfunctions.integerarithmetics.code.tex) (/usr/local/texlive/2024/texmf-dist/tex/generic/pgf/math/pgfmathcalc.code.tex) (/usr/local/texlive/2024/texmf-dist/tex/generic/pgf/math/pgfmathfloat.code.tex
\c@pgfmathroundto@lastzeros=\count288
)))

Class beamer Warning: This option is obsolete. Use beamer option ``show notes'' instead. on input line 360.

(/usr/local/texlive/2024/texmf-dist/tex/latex/base/size11.clo
File: size11.clo 2023/05/17 v1.4n Standard LaTeX file (size option)
) (/usr/local/texlive/2024/texmf-dist/tex/latex/pgf/basiclayer/pgfcore.sty (/usr/local/texlive/2024/texmf-dist/tex/latex/graphics/graphicx.sty
Package: graphicx 2021/09/16 v1.2d Enhanced LaTeX Graphics (DPC,SPQR)
 (/usr/local/texlive/2024/texmf-dist/tex/latex/graphics/graphics.sty
Package: graphics 2022/03/10 v1.4e Standard LaTeX Graphics (DPC,SPQR)
 (/usr/local/texlive/2024/texmf-dist/tex/latex/graphics/trig.sty
Package: trig 2021/08/11 v1.11 sin cos tan (DPC)
) (/usr/local/texlive/2024/texmf-dist/tex/latex/graphics-cfg/graphics.cfg
File: graphics.cfg 2016/06/04 v1.11 sample graphics configuration
)
Package graphics Info: Driver file: pdftex.def on input line 107.
 (/usr/local/texlive/2024/texmf-dist/tex/latex/graphics-def/pdftex.def
File: pdftex.def 2022/09/22 v1.2b Graphics/color driver for pdftex
))
\Gin@req@height=\dimen175
\Gin@req@width=\dimen176
) (/usr/local/texlive/2024/texmf-dist/tex/latex/pgf/systemlayer/pgfsys.sty (/usr/local/texlive/2024/texmf-dist/tex/generic/pgf/systemlayer/pgfsys.code.tex
Package: pgfsys 2023-01-15 v3.1.10 (3.1.10)
\pgf@x=\dimen177
\pgf@y=\dimen178
\pgf@xa=\dimen179
\pgf@ya=\dimen180
\pgf@xb=\dimen181
\pgf@yb=\dimen182
\pgf@xc=\dimen183
\pgf@yc=\dimen184
\pgf@xd=\dimen185
\pgf@yd=\dimen186
\w@pgf@writea=\write3
\r@pgf@reada=\read2
\c@pgf@counta=\count289
\c@pgf@countb=\count290
\c@pgf@countc=\count291
\c@pgf@countd=\count292
\t@pgf@toka=\toks26
\t@pgf@tokb=\toks27
\t@pgf@tokc=\toks28
\pgf@sys@id@count=\count293
 (/usr/local/texlive/2024/texmf-dist/tex/generic/pgf/systemlayer/pgf.cfg
File: pgf.cfg 2023-01-15 v3.1.10 (3.1.10)
)
Driver file for pgf: pgfsys-pdftex.def
 (/usr/local/texlive/2024/texmf-dist/tex/generic/pgf/systemlayer/pgfsys-pdftex.def
File: pgfsys-pdftex.def 2023-01-15 v3.1.10 (3.1.10)
 (/usr/local/texlive/2024/texmf-dist/tex/generic/pgf/systemlayer/pgfsys-common-pdf.def
File: pgfsys-common-pdf.def 2023-01-15 v3.1.10 (3.1.10)
))) (/usr/local/texlive/2024/texmf-dist/tex/generic/pgf/systemlayer/pgfsyssoftpath.code.tex
File: pgfsyssoftpath.code.tex 2023-01-15 v3.1.10 (3.1.10)
\pgfsyssoftpath@smallbuffer@items=\count294
\pgfsyssoftpath@bigbuffer@items=\count295
) (/usr/local/texlive/2024/texmf-dist/tex/generic/pgf/systemlayer/pgfsysprotocol.code.tex
File: pgfsysprotocol.code.tex 2023-01-15 v3.1.10 (3.1.10)
)) (/usr/local/texlive/2024/texmf-dist/tex/latex/xcolor/xcolor.sty
Package: xcolor 2023/11/15 v3.01 LaTeX color extensions (UK)
 (/usr/local/texlive/2024/texmf-dist/tex/latex/graphics-cfg/color.cfg
File: color.cfg 2016/01/02 v1.6 sample color configuration
)
Package xcolor Info: Driver file: pdftex.def on input line 274.
 (/usr/local/texlive/2024/texmf-dist/tex/latex/graphics/mathcolor.ltx)
Package xcolor Info: Model `cmy' substituted by `cmy0' on input line 1350.
Package xcolor Info: Model `hsb' substituted by `rgb' on input line 1354.
Package xcolor Info: Model `RGB' extended on input line 1366.
Package xcolor Info: Model `HTML' substituted by `rgb' on input line 1368.
Package xcolor Info: Model `Hsb' substituted by `hsb' on input line 1369.
Package xcolor Info: Model `tHsb' substituted by `hsb' on input line 1370.
Package xcolor Info: Model `HSB' substituted by `hsb' on input line 1371.
Package xcolor Info: Model `Gray' substituted by `gray' on input line 1372.
Package xcolor Info: Model `wave' substituted by `hsb' on input line 1373.
) (/usr/local/texlive/2024/texmf-dist/tex/generic/pgf/basiclayer/pgfcore.code.tex
Package: pgfcore 2023-01-15 v3.1.10 (3.1.10)
 (/usr/local/texlive/2024/texmf-dist/tex/generic/pgf/math/pgfint.code.tex) (/usr/local/texlive/2024/texmf-dist/tex/generic/pgf/basiclayer/pgfcorepoints.code.tex
File: pgfcorepoints.code.tex 2023-01-15 v3.1.10 (3.1.10)
\pgf@picminx=\dimen187
\pgf@picmaxx=\dimen188
\pgf@picminy=\dimen189
\pgf@picmaxy=\dimen190
\pgf@pathminx=\dimen191
\pgf@pathmaxx=\dimen192
\pgf@pathminy=\dimen193
\pgf@pathmaxy=\dimen194
\pgf@xx=\dimen195
\pgf@xy=\dimen196
\pgf@yx=\dimen197
\pgf@yy=\dimen198
\pgf@zx=\dimen199
\pgf@zy=\dimen256
) (/usr/local/texlive/2024/texmf-dist/tex/generic/pgf/basiclayer/pgfcorepathconstruct.code.tex
File: pgfcorepathconstruct.code.tex 2023-01-15 v3.1.10 (3.1.10)
\pgf@path@lastx=\dimen257
\pgf@path@lasty=\dimen258
) (/usr/local/texlive/2024/texmf-dist/tex/generic/pgf/basiclayer/pgfcorepathusage.code.tex
File: pgfcorepathusage.code.tex 2023-01-15 v3.1.10 (3.1.10)
\pgf@shorten@end@additional=\dimen259
\pgf@shorten@start@additional=\dimen260
) (/usr/local/texlive/2024/texmf-dist/tex/generic/pgf/basiclayer/pgfcorescopes.code.tex
File: pgfcorescopes.code.tex 2023-01-15 v3.1.10 (3.1.10)
\pgfpic=\box62
\pgf@hbox=\box63
\pgf@layerbox@main=\box64
\pgf@picture@serial@count=\count296
) (/usr/local/texlive/2024/texmf-dist/tex/generic/pgf/basiclayer/pgfcoregraphicstate.code.tex
File: pgfcoregraphicstate.code.tex 2023-01-15 v3.1.10 (3.1.10)
\pgflinewidth=\dimen261
) (/usr/local/texlive/2024/texmf-dist/tex/generic/pgf/basiclayer/pgfcoretransformations.code.tex
File: pgfcoretransformations.code.tex 2023-01-15 v3.1.10 (3.1.10)
\pgf@pt@x=\dimen262
\pgf@pt@y=\dimen263
\pgf@pt@temp=\dimen264
) (/usr/local/texlive/2024/texmf-dist/tex/generic/pgf/basiclayer/pgfcorequick.code.tex
File: pgfcorequick.code.tex 2023-01-15 v3.1.10 (3.1.10)
) (/usr/local/texlive/2024/texmf-dist/tex/generic/pgf/basiclayer/pgfcoreobjects.code.tex
File: pgfcoreobjects.code.tex 2023-01-15 v3.1.10 (3.1.10)
) (/usr/local/texlive/2024/texmf-dist/tex/generic/pgf/basiclayer/pgfcorepathprocessing.code.tex
File: pgfcorepathprocessing.code.tex 2023-01-15 v3.1.10 (3.1.10)
) (/usr/local/texlive/2024/texmf-dist/tex/generic/pgf/basiclayer/pgfcorearrows.code.tex
File: pgfcorearrows.code.tex 2023-01-15 v3.1.10 (3.1.10)
\pgfarrowsep=\dimen265
) (/usr/local/texlive/2024/texmf-dist/tex/generic/pgf/basiclayer/pgfcoreshade.code.tex
File: pgfcoreshade.code.tex 2023-01-15 v3.1.10 (3.1.10)
\pgf@max=\dimen266
\pgf@sys@shading@range@num=\count297
\pgf@shadingcount=\count298
) (/usr/local/texlive/2024/texmf-dist/tex/generic/pgf/basiclayer/pgfcoreimage.code.tex
File: pgfcoreimage.code.tex 2023-01-15 v3.1.10 (3.1.10)
) (/usr/local/texlive/2024/texmf-dist/tex/generic/pgf/basiclayer/pgfcoreexternal.code.tex
File: pgfcoreexternal.code.tex 2023-01-15 v3.1.10 (3.1.10)
\pgfexternal@startupbox=\box65
) (/usr/local/texlive/2024/texmf-dist/tex/generic/pgf/basiclayer/pgfcorelayers.code.tex
File: pgfcorelayers.code.tex 2023-01-15 v3.1.10 (3.1.10)
) (/usr/local/texlive/2024/texmf-dist/tex/generic/pgf/basiclayer/pgfcoretransparency.code.tex
File: pgfcoretransparency.code.tex 2023-01-15 v3.1.10 (3.1.10)
) (/usr/local/texlive/2024/texmf-dist/tex/generic/pgf/basiclayer/pgfcorepatterns.code.tex
File: pgfcorepatterns.code.tex 2023-01-15 v3.1.10 (3.1.10)
) (/usr/local/texlive/2024/texmf-dist/tex/generic/pgf/basiclayer/pgfcorerdf.code.tex
File: pgfcorerdf.code.tex 2023-01-15 v3.1.10 (3.1.10)
))) (/usr/local/texlive/2024/texmf-dist/tex/latex/pgf/utilities/xxcolor.sty
Package: xxcolor 2003/10/24 ver 0.1
\XC@nummixins=\count299
\XC@countmixins=\count300
) (/usr/local/texlive/2024/texmf-dist/tex/latex/base/atbegshi-ltx.sty
Package: atbegshi-ltx 2021/01/10 v1.0c Emulation of the original atbegshi
package with kernel methods
) (/usr/local/texlive/2024/texmf-dist/tex/latex/hyperref/hyperref.sty
Package: hyperref 2024-01-20 v7.01h Hypertext links for LaTeX
 (/usr/local/texlive/2024/texmf-dist/tex/latex/kvsetkeys/kvsetkeys.sty
Package: kvsetkeys 2022-10-05 v1.19 Key value parser (HO)
) (/usr/local/texlive/2024/texmf-dist/tex/generic/kvdefinekeys/kvdefinekeys.sty
Package: kvdefinekeys 2019-12-19 v1.6 Define keys (HO)
) (/usr/local/texlive/2024/texmf-dist/tex/generic/pdfescape/pdfescape.sty
Package: pdfescape 2019/12/09 v1.15 Implements pdfTeX's escape features (HO)
 (/usr/local/texlive/2024/texmf-dist/tex/generic/ltxcmds/ltxcmds.sty
Package: ltxcmds 2023-12-04 v1.26 LaTeX kernel commands for general use (HO)
) (/usr/local/texlive/2024/texmf-dist/tex/generic/pdftexcmds/pdftexcmds.sty
Package: pdftexcmds 2020-06-27 v0.33 Utility functions of pdfTeX for LuaTeX (HO)
 (/usr/local/texlive/2024/texmf-dist/tex/generic/infwarerr/infwarerr.sty
Package: infwarerr 2019/12/03 v1.5 Providing info/warning/error messages (HO)
)
Package pdftexcmds Info: \pdf@primitive is available.
Package pdftexcmds Info: \pdf@ifprimitive is available.
Package pdftexcmds Info: \pdfdraftmode found.
)) (/usr/local/texlive/2024/texmf-dist/tex/latex/hycolor/hycolor.sty
Package: hycolor 2020-01-27 v1.10 Color options for hyperref/bookmark (HO)
) (/usr/local/texlive/2024/texmf-dist/tex/latex/auxhook/auxhook.sty
Package: auxhook 2019-12-17 v1.6 Hooks for auxiliary files (HO)
) (/usr/local/texlive/2024/texmf-dist/tex/latex/hyperref/nameref.sty
Package: nameref 2023-11-26 v2.56 Cross-referencing by name of section
 (/usr/local/texlive/2024/texmf-dist/tex/latex/refcount/refcount.sty
Package: refcount 2019/12/15 v3.6 Data extraction from label references (HO)
) (/usr/local/texlive/2024/texmf-dist/tex/generic/gettitlestring/gettitlestring.sty
Package: gettitlestring 2019/12/15 v1.6 Cleanup title references (HO)
 (/usr/local/texlive/2024/texmf-dist/tex/latex/kvoptions/kvoptions.sty
Package: kvoptions 2022-06-15 v3.15 Key value format for package options (HO)
))
\c@section@level=\count301
)
\@linkdim=\dimen267
\Hy@linkcounter=\count302
\Hy@pagecounter=\count303
 (/usr/local/texlive/2024/texmf-dist/tex/latex/hyperref/pd1enc.def
File: pd1enc.def 2024-01-20 v7.01h Hyperref: PDFDocEncoding definition (HO)
Now handling font encoding PD1 ...
... no UTF-8 mapping file for font encoding PD1
) (/usr/local/texlive/2024/texmf-dist/tex/generic/intcalc/intcalc.sty
Package: intcalc 2019/12/15 v1.3 Expandable calculations with integers (HO)
)
\Hy@SavedSpaceFactor=\count304
 (/usr/local/texlive/2024/texmf-dist/tex/latex/hyperref/puenc.def
File: puenc.def 2024-01-20 v7.01h Hyperref: PDF Unicode definition (HO)
Now handling font encoding PU ...
... no UTF-8 mapping file for font encoding PU
)
Package hyperref Info: Option `bookmarks' set `true' on input line 4062.
Package hyperref Info: Option `bookmarksopen' set `true' on input line 4062.
Package hyperref Info: Option `implicit' set `false' on input line 4062.
Package hyperref Info: Hyper figures OFF on input line 4179.
Package hyperref Info: Link nesting OFF on input line 4184.
Package hyperref Info: Hyper index ON on input line 4187.
Package hyperref Info: Plain pages OFF on input line 4194.
Package hyperref Info: Backreferencing OFF on input line 4199.
Package hyperref Info: Implicit mode OFF; no redefinition of LaTeX internals.
Package hyperref Info: Bookmarks ON on input line 4446.
\c@Hy@tempcnt=\count305
 (/usr/local/texlive/2024/texmf-dist/tex/latex/url/url.sty
\Urlmuskip=\muskip16
Package: url 2013/09/16  ver 3.4  Verb mode for urls, etc.
)
LaTeX Info: Redefining \url on input line 4784.
\XeTeXLinkMargin=\dimen268
 (/usr/local/texlive/2024/texmf-dist/tex/generic/bitset/bitset.sty
Package: bitset 2019/12/09 v1.3 Handle bit-vector datatype (HO)
 (/usr/local/texlive/2024/texmf-dist/tex/generic/bigintcalc/bigintcalc.sty
Package: bigintcalc 2019/12/15 v1.5 Expandable calculations on big integers (HO)
))
\Fld@menulength=\count306
\Field@Width=\dimen269
\Fld@charsize=\dimen270
Package hyperref Info: Hyper figures OFF on input line 6063.
Package hyperref Info: Link nesting OFF on input line 6068.
Package hyperref Info: Hyper index ON on input line 6071.
Package hyperref Info: backreferencing OFF on input line 6078.
Package hyperref Info: Link coloring OFF on input line 6083.
Package hyperref Info: Link coloring with OCG OFF on input line 6088.
Package hyperref Info: PDF/A mode OFF on input line 6093.
\Hy@abspage=\count307


Package hyperref Message: Stopped early.

)
Package hyperref Info: Driver (autodetected): hpdftex.
 (/usr/local/texlive/2024/texmf-dist/tex/latex/hyperref/hpdftex.def
File: hpdftex.def 2024-01-20 v7.01h Hyperref driver for pdfTeX
 (/usr/local/texlive/2024/texmf-dist/tex/latex/base/atveryend-ltx.sty
Package: atveryend-ltx 2020/08/19 v1.0a Emulation of the original atveryend package
with kernel methods
)
\Fld@listcount=\count308
\c@bookmark@seq@number=\count309
 (/usr/local/texlive/2024/texmf-dist/tex/latex/rerunfilecheck/rerunfilecheck.sty
Package: rerunfilecheck 2022-07-10 v1.10 Rerun checks for auxiliary files (HO)
 (/usr/local/texlive/2024/texmf-dist/tex/generic/uniquecounter/uniquecounter.sty
Package: uniquecounter 2019/12/15 v1.4 Provide unlimited unique counter (HO)
)
Package uniquecounter Info: New unique counter `rerunfilecheck' on input line 285.
)) (/usr/local/texlive/2024/texmf-dist/tex/latex/beamer/beamerbaserequires.sty (/usr/local/texlive/2024/texmf-dist/tex/latex/beamer/beamerbasecompatibility.sty) (/usr/local/texlive/2024/texmf-dist/tex/latex/beamer/beamerbasefont.sty (/usr/local/texlive/2024/texmf-dist/tex/latex/amsfonts/amssymb.sty
Package: amssymb 2013/01/14 v3.01 AMS font symbols
 (/usr/local/texlive/2024/texmf-dist/tex/latex/amsfonts/amsfonts.sty
Package: amsfonts 2013/01/14 v3.01 Basic AMSFonts support
\@emptytoks=\toks29
\symAMSa=\mathgroup4
\symAMSb=\mathgroup5
LaTeX Font Info:    Redeclaring math symbol \hbar on input line 98.
LaTeX Font Info:    Overwriting math alphabet `\mathfrak' in version `bold'
(Font)                  U/euf/m/n --> U/euf/b/n on input line 106.
)) (/usr/local/texlive/2024/texmf-dist/tex/latex/sansmathaccent/sansmathaccent.sty
Package: sansmathaccent 2020/01/31
 (/usr/local/texlive/2024/texmf-dist/tex/latex/koma-script/scrlfile.sty
Package: scrlfile 2023/07/07 v3.41 KOMA-Script package (file load hooks)
 (/usr/local/texlive/2024/texmf-dist/tex/latex/koma-script/scrlfile-hook.sty
Package: scrlfile-hook 2023/07/07 v3.41 KOMA-Script package (using LaTeX hooks)
 (/usr/local/texlive/2024/texmf-dist/tex/latex/koma-script/scrlogo.sty
Package: scrlogo 2023/07/07 v3.41 KOMA-Script package (logo)
))))) (/usr/local/texlive/2024/texmf-dist/tex/latex/beamer/beamerbasetranslator.sty (/usr/local/texlive/2024/texmf-dist/tex/latex/translator/translator.sty
Package: translator 2021-05-31 v1.12d Easy translation of strings in LaTeX
)) (/usr/local/texlive/2024/texmf-dist/tex/latex/beamer/beamerbasemisc.sty) (/usr/local/texlive/2024/texmf-dist/tex/latex/beamer/beamerbasetwoscreens.sty) (/usr/local/texlive/2024/texmf-dist/tex/latex/beamer/beamerbaseoverlay.sty
\beamer@argscount=\count310
\beamer@lastskipcover=\skip51
\beamer@trivlistdepth=\count311
) (/usr/local/texlive/2024/texmf-dist/tex/latex/beamer/beamerbasetitle.sty) (/usr/local/texlive/2024/texmf-dist/tex/latex/beamer/beamerbasesection.sty
\c@lecture=\count312
\c@part=\count313
\c@section=\count314
\c@subsection=\count315
\c@subsubsection=\count316
) (/usr/local/texlive/2024/texmf-dist/tex/latex/beamer/beamerbaseframe.sty
\beamer@framebox=\box66
\beamer@frametitlebox=\box67
\beamer@zoombox=\box68
\beamer@zoomcount=\count317
\beamer@zoomframecount=\count318
\beamer@frametextheight=\dimen271
\c@subsectionslide=\count319
\beamer@frametopskip=\skip52
\beamer@framebottomskip=\skip53
\beamer@frametopskipautobreak=\skip54
\beamer@framebottomskipautobreak=\skip55
\beamer@envbody=\toks30
\framewidth=\dimen272
\c@framenumber=\count320
) (/usr/local/texlive/2024/texmf-dist/tex/latex/beamer/beamerbaseverbatim.sty
\beamer@verbatimfileout=\write4
) (/usr/local/texlive/2024/texmf-dist/tex/latex/beamer/beamerbaseframesize.sty
\beamer@splitbox=\box69
\beamer@autobreakcount=\count321
\beamer@autobreaklastheight=\dimen273
\beamer@frametitletoks=\toks31
\beamer@framesubtitletoks=\toks32
) (/usr/local/texlive/2024/texmf-dist/tex/latex/beamer/beamerbaseframecomponents.sty
\beamer@footins=\box70
) (/usr/local/texlive/2024/texmf-dist/tex/latex/beamer/beamerbasecolor.sty) (/usr/local/texlive/2024/texmf-dist/tex/latex/beamer/beamerbasenotes.sty
\beamer@frameboxcopy=\box71
) (/usr/local/texlive/2024/texmf-dist/tex/latex/beamer/beamerbasetoc.sty) (/usr/local/texlive/2024/texmf-dist/tex/latex/beamer/beamerbasetemplates.sty
\beamer@sbttoks=\toks33
 (/usr/local/texlive/2024/texmf-dist/tex/latex/beamer/beamerbaseauxtemplates.sty (/usr/local/texlive/2024/texmf-dist/tex/latex/beamer/beamerbaseboxes.sty
\bmb@box=\box72
\bmb@colorbox=\box73
\bmb@boxwidth=\dimen274
\bmb@boxheight=\dimen275
\bmb@prevheight=\dimen276
\bmb@temp=\dimen277
\bmb@dima=\dimen278
\bmb@dimb=\dimen279
\bmb@prevheight=\dimen280
)
\beamer@blockheadheight=\dimen281
)) (/usr/local/texlive/2024/texmf-dist/tex/latex/beamer/beamerbaselocalstructure.sty (/usr/local/texlive/2024/texmf-dist/tex/latex/tools/enumerate.sty
Package: enumerate 2023/07/04 v3.00 enumerate extensions (DPC)
\@enLab=\toks34
)
\beamer@bibiconwidth=\skip56
\c@figure=\count322
\c@table=\count323
\abovecaptionskip=\skip57
\belowcaptionskip=\skip58
) (/usr/local/texlive/2024/texmf-dist/tex/latex/beamer/beamerbasenavigation.sty (/usr/local/texlive/2024/texmf-dist/tex/latex/beamer/beamerbasenavigationsymbols.tex)
\beamer@section@min@dim=\dimen282
) (/usr/local/texlive/2024/texmf-dist/tex/latex/beamer/beamerbasetheorems.sty (/usr/local/texlive/2024/texmf-dist/tex/latex/amsmath/amsmath.sty
Package: amsmath 2023/05/13 v2.17o AMS math features
\@mathmargin=\skip59

For additional information on amsmath, use the `?' option.
(/usr/local/texlive/2024/texmf-dist/tex/latex/amsmath/amstext.sty
Package: amstext 2021/08/26 v2.01 AMS text
 (/usr/local/texlive/2024/texmf-dist/tex/latex/amsmath/amsgen.sty
File: amsgen.sty 1999/11/30 v2.0 generic functions
\@emptytoks=\toks35
\ex@=\dimen283
)) (/usr/local/texlive/2024/texmf-dist/tex/latex/amsmath/amsbsy.sty
Package: amsbsy 1999/11/29 v1.2d Bold Symbols
\pmbraise@=\dimen284
) (/usr/local/texlive/2024/texmf-dist/tex/latex/amsmath/amsopn.sty
Package: amsopn 2022/04/08 v2.04 operator names
)
\inf@bad=\count324
LaTeX Info: Redefining \frac on input line 234.
\uproot@=\count325
\leftroot@=\count326
LaTeX Info: Redefining \overline on input line 399.
LaTeX Info: Redefining \colon on input line 410.
\classnum@=\count327
\DOTSCASE@=\count328
LaTeX Info: Redefining \ldots on input line 496.
LaTeX Info: Redefining \dots on input line 499.
LaTeX Info: Redefining \cdots on input line 620.
\Mathstrutbox@=\box74
\strutbox@=\box75
LaTeX Info: Redefining \big on input line 722.
LaTeX Info: Redefining \Big on input line 723.
LaTeX Info: Redefining \bigg on input line 724.
LaTeX Info: Redefining \Bigg on input line 725.
\big@size=\dimen285
LaTeX Font Info:    Redeclaring font encoding OML on input line 743.
LaTeX Font Info:    Redeclaring font encoding OMS on input line 744.
\macc@depth=\count329
LaTeX Info: Redefining \bmod on input line 905.
LaTeX Info: Redefining \pmod on input line 910.
LaTeX Info: Redefining \smash on input line 940.
LaTeX Info: Redefining \relbar on input line 970.
LaTeX Info: Redefining \Relbar on input line 971.
\c@MaxMatrixCols=\count330
\dotsspace@=\muskip17
\c@parentequation=\count331
\dspbrk@lvl=\count332
\tag@help=\toks36
\row@=\count333
\column@=\count334
\maxfields@=\count335
\andhelp@=\toks37
\eqnshift@=\dimen286
\alignsep@=\dimen287
\tagshift@=\dimen288
\tagwidth@=\dimen289
\totwidth@=\dimen290
\lineht@=\dimen291
\@envbody=\toks38
\multlinegap=\skip60
\multlinetaggap=\skip61
\mathdisplay@stack=\toks39
LaTeX Info: Redefining \[ on input line 2953.
LaTeX Info: Redefining \] on input line 2954.
) (/usr/local/texlive/2024/texmf-dist/tex/latex/amscls/amsthm.sty
Package: amsthm 2020/05/29 v2.20.6
\thm@style=\toks40
\thm@bodyfont=\toks41
\thm@headfont=\toks42
\thm@notefont=\toks43
\thm@headpunct=\toks44
\thm@preskip=\skip62
\thm@postskip=\skip63
\thm@headsep=\skip64
\dth@everypar=\toks45
)
\c@theorem=\count336
) (/usr/local/texlive/2024/texmf-dist/tex/latex/beamer/beamerbasethemes.sty)) (/usr/local/texlive/2024/texmf-dist/tex/latex/beamer/beamerthemedefault.sty (/usr/local/texlive/2024/texmf-dist/tex/latex/beamer/beamerfontthemedefault.sty) (/usr/local/texlive/2024/texmf-dist/tex/latex/beamer/beamercolorthemedefault.sty) (/usr/local/texlive/2024/texmf-dist/tex/latex/beamer/beamerinnerthemedefault.sty
\beamer@dima=\dimen292
\beamer@dimb=\dimen293
) (/usr/local/texlive/2024/texmf-dist/tex/latex/beamer/beamerouterthemedefault.sty))) (/usr/local/texlive/2024/texmf-dist/tex/latex/psnfss/helvet.sty
Package: helvet 2020/03/25 PSNFSS-v9.3 (WaS) 
) (/usr/local/texlive/2024/texmf-dist/tex/latex/base/fontenc.sty
Package: fontenc 2021/04/29 v2.0v Standard LaTeX package
LaTeX Font Info:    Trying to load font information for T1+phv on input line 112.
 (/usr/local/texlive/2024/texmf-dist/tex/latex/psnfss/t1phv.fd
File: t1phv.fd 2020/03/25 scalable font definitions for T1/phv.
)) (/usr/local/texlive/2024/texmf-dist/tex/latex/base/inputenc.sty
Package: inputenc 2021/02/14 v1.3d Input encoding file
\inpenc@prehook=\toks46
\inpenc@posthook=\toks47
 (/usr/local/texlive/2024/texmf-dist/tex/latex/base/latin9.def
File: latin9.def 2021/02/14 v1.3d Input encoding file
)) (/usr/local/texlive/2024/texmf-dist/tex/generic/babel/babel.sty
Package: babel 2024/02/07 v24.2 The Babel package
\babel@savecnt=\count337
\U@D=\dimen294
\l@unhyphenated=\language89
 (/usr/local/texlive/2024/texmf-dist/tex/generic/babel/txtbabel.def)
\bbl@readstream=\read3
LaTeX Info: Redefining \textlatin on input line 3919.
\bbl@dirlevel=\count338
 (/usr/local/texlive/2024/texmf-dist/tex/generic/babel-english/english.ldf
Language: english 2017/06/06 v3.3r English support from the babel system
Package babel Info: Hyphen rules for 'canadian' set to \l@english
(babel)             (\language0). Reported on input line 102.
Package babel Info: Hyphen rules for 'australian' set to \l@ukenglish
(babel)             (\language23). Reported on input line 105.
Package babel Info: Hyphen rules for 'newzealand' set to \l@ukenglish
(babel)             (\language23). Reported on input line 108.
)) (/usr/local/texlive/2024/texmf-dist/tex/generic/babel/locale/en/babel-english.tex
Package babel Info: Importing font and identification data for english
(babel)             from babel-en.ini. Reported on input line 11.
)
Package hyperref Info: Option `unicode' set `true' on input line 15.
Package hyperref Info: Option `breaklinks' set `false' on input line 15.
Package hyperref Info: Option `colorlinks' set `true' on input line 15.
 (/usr/local/texlive/2024/texmf-dist/tex/latex/comment/comment.sty
\CommentStream=\write5
 Excluding comment 'comment') (/usr/local/texlive/2024/texmf-dist/tex/latex/base/ifthen.sty
Package: ifthen 2022/04/13 v1.1d Standard LaTeX ifthen package (DPC)
) (/usr/local/texlive/2024/texmf-dist/tex/latex/multirow/multirow.sty
Package: multirow 2021/03/15 v2.8 Span multiple rows of a table
\multirow@colwidth=\skip65
\multirow@cntb=\count339
\multirow@dima=\skip66
\bigstrutjot=\dimen295
) (/usr/local/texlive/2024/texmf-dist/tex/latex/multirow/bigstrut.sty
Package: bigstrut 2021/03/15 v2.8 Provide larger struts in tabulars
) (/usr/local/texlive/2024/texmf-dist/tex/latex/pgf/frontendlayer/tikz.sty (/usr/local/texlive/2024/texmf-dist/tex/latex/pgf/basiclayer/pgf.sty
Package: pgf 2023-01-15 v3.1.10 (3.1.10)
 (/usr/local/texlive/2024/texmf-dist/tex/generic/pgf/modules/pgfmoduleshapes.code.tex
File: pgfmoduleshapes.code.tex 2023-01-15 v3.1.10 (3.1.10)
\pgfnodeparttextbox=\box76
) (/usr/local/texlive/2024/texmf-dist/tex/generic/pgf/modules/pgfmoduleplot.code.tex
File: pgfmoduleplot.code.tex 2023-01-15 v3.1.10 (3.1.10)
) (/usr/local/texlive/2024/texmf-dist/tex/latex/pgf/compatibility/pgfcomp-version-0-65.sty
Package: pgfcomp-version-0-65 2023-01-15 v3.1.10 (3.1.10)
\pgf@nodesepstart=\dimen296
\pgf@nodesepend=\dimen297
) (/usr/local/texlive/2024/texmf-dist/tex/latex/pgf/compatibility/pgfcomp-version-1-18.sty
Package: pgfcomp-version-1-18 2023-01-15 v3.1.10 (3.1.10)
)) (/usr/local/texlive/2024/texmf-dist/tex/latex/pgf/utilities/pgffor.sty (/usr/local/texlive/2024/texmf-dist/tex/generic/pgf/utilities/pgffor.code.tex
Package: pgffor 2023-01-15 v3.1.10 (3.1.10)
\pgffor@iter=\dimen298
\pgffor@skip=\dimen299
\pgffor@stack=\toks48
\pgffor@toks=\toks49
)) (/usr/local/texlive/2024/texmf-dist/tex/generic/pgf/frontendlayer/tikz/tikz.code.tex
Package: tikz 2023-01-15 v3.1.10 (3.1.10)
 (/usr/local/texlive/2024/texmf-dist/tex/generic/pgf/libraries/pgflibraryplothandlers.code.tex
File: pgflibraryplothandlers.code.tex 2023-01-15 v3.1.10 (3.1.10)
\pgf@plot@mark@count=\count340
\pgfplotmarksize=\dimen300
)
\tikz@lastx=\dimen301
\tikz@lasty=\dimen302
\tikz@lastxsaved=\dimen303
\tikz@lastysaved=\dimen304
\tikz@lastmovetox=\dimen305
\tikz@lastmovetoy=\dimen306
\tikzleveldistance=\dimen307
\tikzsiblingdistance=\dimen308
\tikz@figbox=\box77
\tikz@figbox@bg=\box78
\tikz@tempbox=\box79
\tikz@tempbox@bg=\box80
\tikztreelevel=\count341
\tikznumberofchildren=\count342
\tikznumberofcurrentchild=\count343
\tikz@fig@count=\count344
 (/usr/local/texlive/2024/texmf-dist/tex/generic/pgf/modules/pgfmodulematrix.code.tex
File: pgfmodulematrix.code.tex 2023-01-15 v3.1.10 (3.1.10)
\pgfmatrixcurrentrow=\count345
\pgfmatrixcurrentcolumn=\count346
\pgf@matrix@numberofcolumns=\count347
)
\tikz@expandcount=\count348
 (/usr/local/texlive/2024/texmf-dist/tex/generic/pgf/frontendlayer/tikz/libraries/tikzlibrarytopaths.code.tex
File: tikzlibrarytopaths.code.tex 2023-01-15 v3.1.10 (3.1.10)
))) (/usr/local/texlive/2024/texmf-dist/tex/generic/pgf/frontendlayer/tikz/libraries/tikzlibrarypatterns.code.tex
File: tikzlibrarypatterns.code.tex 2023-01-15 v3.1.10 (3.1.10)
 (/usr/local/texlive/2024/texmf-dist/tex/generic/pgf/libraries/pgflibrarypatterns.code.tex
File: pgflibrarypatterns.code.tex 2023-01-15 v3.1.10 (3.1.10)
)) (/usr/local/texlive/2024/texmf-dist/tex/generic/pgf/frontendlayer/tikz/libraries/tikzlibrarydecorations.pathreplacing.code.tex (/usr/local/texlive/2024/texmf-dist/tex/generic/pgf/frontendlayer/tikz/libraries/tikzlibrarydecorations.code.tex (/usr/local/texlive/2024/texmf-dist/tex/generic/pgf/modules/pgfmoduledecorations.code.tex
\pgfdecoratedcompleteddistance=\dimen309
\pgfdecoratedremainingdistance=\dimen310
\pgfdecoratedinputsegmentcompleteddistance=\dimen311
\pgfdecoratedinputsegmentremainingdistance=\dimen312
\pgf@decorate@distancetomove=\dimen313
\pgf@decorate@repeatstate=\count349
\pgfdecorationsegmentamplitude=\dimen314
\pgfdecorationsegmentlength=\dimen315
)
\tikz@lib@dec@box=\box81
) (/usr/local/texlive/2024/texmf-dist/tex/generic/pgf/libraries/decorations/pgflibrarydecorations.pathreplacing.code.tex)) (/usr/local/texlive/2024/texmf-dist/tex/generic/pgf/frontendlayer/tikz/libraries/tikzlibraryshapes.code.tex
File: tikzlibraryshapes.code.tex 2023-01-15 v3.1.10 (3.1.10)
 (/usr/local/texlive/2024/texmf-dist/tex/generic/pgf/frontendlayer/tikz/libraries/tikzlibraryshapes.geometric.code.tex
File: tikzlibraryshapes.geometric.code.tex 2023-01-15 v3.1.10 (3.1.10)
 (/usr/local/texlive/2024/texmf-dist/tex/generic/pgf/libraries/shapes/pgflibraryshapes.geometric.code.tex
File: pgflibraryshapes.geometric.code.tex 2023-01-15 v3.1.10 (3.1.10)
)) (/usr/local/texlive/2024/texmf-dist/tex/generic/pgf/frontendlayer/tikz/libraries/tikzlibraryshapes.misc.code.tex
File: tikzlibraryshapes.misc.code.tex 2023-01-15 v3.1.10 (3.1.10)
 (/usr/local/texlive/2024/texmf-dist/tex/generic/pgf/libraries/shapes/pgflibraryshapes.misc.code.tex
File: pgflibraryshapes.misc.code.tex 2023-01-15 v3.1.10 (3.1.10)
)) (/usr/local/texlive/2024/texmf-dist/tex/generic/pgf/frontendlayer/tikz/libraries/tikzlibraryshapes.symbols.code.tex
File: tikzlibraryshapes.symbols.code.tex 2023-01-15 v3.1.10 (3.1.10)
 (/usr/local/texlive/2024/texmf-dist/tex/generic/pgf/libraries/shapes/pgflibraryshapes.symbols.code.tex
File: pgflibraryshapes.symbols.code.tex 2023-01-15 v3.1.10 (3.1.10)
)) (/usr/local/texlive/2024/texmf-dist/tex/generic/pgf/frontendlayer/tikz/libraries/tikzlibraryshapes.arrows.code.tex
File: tikzlibraryshapes.arrows.code.tex 2023-01-15 v3.1.10 (3.1.10)
 (/usr/local/texlive/2024/texmf-dist/tex/generic/pgf/libraries/shapes/pgflibraryshapes.arrows.code.tex
File: pgflibraryshapes.arrows.code.tex 2023-01-15 v3.1.10 (3.1.10)
)) (/usr/local/texlive/2024/texmf-dist/tex/generic/pgf/frontendlayer/tikz/libraries/tikzlibraryshapes.callouts.code.tex (/usr/local/texlive/2024/texmf-dist/tex/generic/pgf/libraries/shapes/pgflibraryshapes.callouts.code.tex)) (/usr/local/texlive/2024/texmf-dist/tex/generic/pgf/frontendlayer/tikz/libraries/tikzlibraryshapes.multipart.code.tex
File: tikzlibraryshapes.multipart.code.tex 2023-01-15 v3.1.10 (3.1.10)
 (/usr/local/texlive/2024/texmf-dist/tex/generic/pgf/libraries/shapes/pgflibraryshapes.multipart.code.tex
File: pgflibraryshapes.multipart.code.tex 2023-01-15 v3.1.10 (3.1.10)
\pgfnodepartlowerbox=\box82
\pgfnodeparttwobox=\box83
\pgfnodepartthreebox=\box84
\pgfnodepartfourbox=\box85
\pgfnodeparttwentybox=\box86
\pgfnodepartnineteenbox=\box87
\pgfnodeparteighteenbox=\box88
\pgfnodepartseventeenbox=\box89
\pgfnodepartsixteenbox=\box90
\pgfnodepartfifteenbox=\box91
\pgfnodepartfourteenbox=\box92
\pgfnodepartthirteenbox=\box93
\pgfnodeparttwelvebox=\box94
\pgfnodepartelevenbox=\box95
\pgfnodeparttenbox=\box96
\pgfnodepartninebox=\box97
\pgfnodeparteightbox=\box98
\pgfnodepartsevenbox=\box99
\pgfnodepartsixbox=\box100
\pgfnodepartfivebox=\box101
))) (/usr/local/texlive/2024/texmf-dist/tex/generic/pgf/frontendlayer/tikz/libraries/tikzlibraryarrows.code.tex
File: tikzlibraryarrows.code.tex 2023-01-15 v3.1.10 (3.1.10)
 (/usr/local/texlive/2024/texmf-dist/tex/generic/pgf/libraries/pgflibraryarrows.code.tex
File: pgflibraryarrows.code.tex 2023-01-15 v3.1.10 (3.1.10)
\arrowsize=\dimen316
)) (/usr/local/texlive/2024/texmf-dist/tex/latex/graphics/rotating.sty
Package: rotating 2016/08/11 v2.16d rotated objects in LaTeX
\c@r@tfl@t=\count350
\rotFPtop=\skip67
\rotFPbot=\skip68
\rot@float@box=\box102
\rot@mess@toks=\toks50
) (/usr/local/texlive/2024/texmf-dist/tex/latex/pdflscape/pdflscape.sty
Package: pdflscape 2022-10-27 v0.13 Display of landscape pages in PDF
 (/usr/local/texlive/2024/texmf-dist/tex/latex/pdflscape/pdflscape-nometadata.sty
Package: pdflscape-nometadata 2022-10-28 v0.13 Display of landscape pages in PDF (HO)
 (/usr/local/texlive/2024/texmf-dist/tex/latex/graphics/lscape.sty
Package: lscape 2020/05/28 v3.02 Landscape Pages (DPC)
)
Package pdflscape Info: Auto-detected driver: pdftex on input line 81.
)) (/usr/local/texlive/2024/texmf-dist/tex/latex/makecell/makecell.sty
Package: makecell 2009/08/03 V0.1e Managing of Tab Column Heads and Cells
 (/usr/local/texlive/2024/texmf-dist/tex/latex/tools/array.sty
Package: array 2023/10/16 v2.5g Tabular extension package (FMi)
\col@sep=\dimen317
\ar@mcellbox=\box103
\extrarowheight=\dimen318
\NC@list=\toks51
\extratabsurround=\skip69
\backup@length=\skip70
\ar@cellbox=\box104
)
\rotheadsize=\dimen319
\c@nlinenum=\count351
\TeXr@lab=\toks52
) (/usr/local/texlive/2024/texmf-dist/tex/latex/animate/animate.sty
Package: animate 2023/06/18 PDF & SVG animations from files and inline graphics
 (/usr/local/texlive/2024/texmf-dist/tex/latex/oberdiek/ifdraft.sty
Package: ifdraft 2016/05/16 v1.4 Detect class options draft and final (HO)
) (/usr/local/texlive/2024/texmf-dist/tex/latex/tools/calc.sty
Package: calc 2023/07/08 v4.3 Infix arithmetic (KKT,FJ)
\calc@Acount=\count352
\calc@Bcount=\count353
\calc@Adimen=\dimen320
\calc@Bdimen=\dimen321
\calc@Askip=\skip71
\calc@Bskip=\skip72
LaTeX Info: Redefining \setlength on input line 80.
LaTeX Info: Redefining \addtolength on input line 81.
\calc@Ccount=\count354
\calc@Cskip=\skip73
) (/usr/local/texlive/2024/texmf-dist/tex/latex/media9/pdfbase.sty
Package: pdfbase 2022/08/04 v0.55 driver independent access to low-level PDF features
 (/usr/local/texlive/2024/texmf-dist/tex/latex/l3backend/l3backend-pdftex.def
File: l3backend-pdftex.def 2024-02-20 L3 backend support: PDF output (pdfTeX)
\l__color_backend_stack_int=\count355
\l__pdf_internal_box=\box105
)
\g_pbs_page_int=\count356
\g_pbs_oc_int=\count357
) (/usr/local/texlive/2024/texmf-dist/tex/latex/zref/zref-abspage.sty
Package: zref-abspage 2023-09-14 v2.35 Module abspage for zref (HO)
 (/usr/local/texlive/2024/texmf-dist/tex/latex/zref/zref-base.sty
Package: zref-base 2023-09-14 v2.35 Module base for zref (HO)
 (/usr/local/texlive/2024/texmf-dist/tex/generic/etexcmds/etexcmds.sty
Package: etexcmds 2019/12/15 v1.7 Avoid name clashes with e-TeX commands (HO)
)
Package zref Info: New property list: main on input line 767.
Package zref Info: New property: default on input line 768.
Package zref Info: New property: page on input line 769.
)
\c@abspage=\count358
Package zref Info: New property: abspage on input line 67.
) (/usr/local/texlive/2024/texmf-dist/tex/latex/ocgx2/ocgbase.sty
Package: ocgbase 2022/08/04 v0.22 support package for ocgx2.sty
\g_ocgbase_nd_int=\count359
)
\@anim@box=\box106
\@anim@measbox=\box107
\@anim@tmpdima=\dimen322
\@anim@tmpdimb=\dimen323
\@anim@num=\count360
\@anim@curframe=\count361
\@anim@curframe@zb=\count362
\@anim@resizeflags=\count363
\@anim@skipfram=\count364
\@anim@mulframecnt=\count365
\@anim@@tmlnfile=\read4
\@anim@tmpcnt=\count366
\c@@anim@ltxcnt=\count367
\@anim@curlayer=\count368
\@anim@lineno=\count369
\@anim@curfield=\count370
\@anim@@resizeflags=\count371
) (/usr/local/texlive/2024/texmf-dist/tex/latex/psnfss/pifont.sty
Package: pifont 2020/03/25 PSNFSS-v9.3 Pi font support (SPQR) 
LaTeX Font Info:    Trying to load font information for U+pzd on input line 63.
 (/usr/local/texlive/2024/texmf-dist/tex/latex/psnfss/upzd.fd
File: upzd.fd 2001/06/04 font definitions for U/pzd.
)
LaTeX Font Info:    Trying to load font information for U+psy on input line 64.
 (/usr/local/texlive/2024/texmf-dist/tex/latex/psnfss/upsy.fd
File: upsy.fd 2001/06/04 font definitions for U/psy.
)) (/usr/local/texlive/2024/texmf-dist/tex/latex/booktabs/booktabs.sty
Package: booktabs 2020/01/12 v1.61803398 Publication quality tables
\heavyrulewidth=\dimen324
\lightrulewidth=\dimen325
\cmidrulewidth=\dimen326
\belowrulesep=\dimen327
\belowbottomsep=\dimen328
\aboverulesep=\dimen329
\abovetopsep=\dimen330
\cmidrulesep=\dimen331
\cmidrulekern=\dimen332
\defaultaddspace=\dimen333
\@cmidla=\count372
\@cmidlb=\count373
\@aboverulesep=\dimen334
\@belowrulesep=\dimen335
\@thisruleclass=\count374
\@lastruleclass=\count375
\@thisrulewidth=\dimen336
) (/usr/local/texlive/2024/texmf-dist/tex/latex/relsize/relsize.sty
Package: relsize 2013/03/29 ver 4.1
) (/usr/local/texlive/2024/texmf-dist/tex/latex/tcolorbox/tcolorbox.sty
Package: tcolorbox 2024/01/10 version 6.2.0 text color boxes
 (/usr/local/texlive/2024/texmf-dist/tex/latex/tools/verbatim.sty
Package: verbatim 2023-11-06 v1.5v LaTeX2e package for verbatim enhancements
\every@verbatim=\toks53
\verbatim@line=\toks54
\verbatim@in@stream=\read5
) (/usr/local/texlive/2024/texmf-dist/tex/latex/environ/environ.sty
Package: environ 2014/05/04 v0.3 A new way to define environments
 (/usr/local/texlive/2024/texmf-dist/tex/latex/trimspaces/trimspaces.sty
Package: trimspaces 2009/09/17 v1.1 Trim spaces around a token list
))
\tcb@titlebox=\box108
\tcb@upperbox=\box109
\tcb@lowerbox=\box110
\tcb@phantombox=\box111
\c@tcbbreakpart=\count376
\c@tcblayer=\count377
\c@tcolorbox@number=\count378
\l__tcobox_tmpa_box=\box112
\l__tcobox_tmpa_dim=\dimen337
\tcb@temp=\box113
\tcb@temp=\box114
\tcb@temp=\box115
\tcb@temp=\box116
) (/usr/local/texlive/2024/texmf-dist/tex/latex/mathtools/mathtools.sty
Package: mathtools 2024/03/11 v1.30 mathematical typesetting tools
 (/usr/local/texlive/2024/texmf-dist/tex/latex/mathtools/mhsetup.sty
Package: mhsetup 2021/03/18 v1.4 programming setup (MH)
)
\g_MT_multlinerow_int=\count379
\l_MT_multwidth_dim=\dimen338
\origjot=\skip74
\l_MT_shortvdotswithinadjustabove_dim=\dimen339
\l_MT_shortvdotswithinadjustbelow_dim=\dimen340
\l_MT_above_intertext_sep=\dimen341
\l_MT_below_intertext_sep=\dimen342
\l_MT_above_shortintertext_sep=\dimen343
\l_MT_below_shortintertext_sep=\dimen344
\xmathstrut@box=\box117
\xmathstrut@dim=\dimen345
) (/usr/local/texlive/2024/texmf-dist/tex/latex/beamer/beamerfontthemeprofessionalfonts.sty) (/usr/local/texlive/2024/texmf-dist/tex/latex/beamer/beamercolorthemestructure.sty) (./Slides_Week03.aux)
\openout1 = `Slides_Week03.aux'.

LaTeX Font Info:    Checking defaults for OML/cmm/m/it on input line 129.
LaTeX Font Info:    ... okay on input line 129.
LaTeX Font Info:    Checking defaults for OMS/cmsy/m/n on input line 129.
LaTeX Font Info:    ... okay on input line 129.
LaTeX Font Info:    Checking defaults for OT1/cmr/m/n on input line 129.
LaTeX Font Info:    ... okay on input line 129.
LaTeX Font Info:    Checking defaults for T1/cmr/m/n on input line 129.
LaTeX Font Info:    ... okay on input line 129.
LaTeX Font Info:    Checking defaults for TS1/cmr/m/n on input line 129.
LaTeX Font Info:    ... okay on input line 129.
LaTeX Font Info:    Checking defaults for OMX/cmex/m/n on input line 129.
LaTeX Font Info:    ... okay on input line 129.
LaTeX Font Info:    Checking defaults for U/cmr/m/n on input line 129.
LaTeX Font Info:    ... okay on input line 129.
LaTeX Font Info:    Checking defaults for PD1/pdf/m/n on input line 129.
LaTeX Font Info:    ... okay on input line 129.
LaTeX Font Info:    Checking defaults for PU/pdf/m/n on input line 129.
LaTeX Font Info:    ... okay on input line 129.

*geometry* driver: auto-detecting
*geometry* detected driver: pdftex
*geometry* verbose mode - [ preamble ] result:
* driver: pdftex
* paper: custom
* layout: <same size as paper>
* layoutoffset:(h,v)=(0.0pt,0.0pt)
* modes: includehead includefoot 
* h-part:(L,W,R)=(10.03754pt, 416.7538pt, 28.45274pt)
* v-part:(T,H,B)=(0.0pt, 256.0748pt, 0.0pt)
* \paperwidth=455.24408pt
* \paperheight=256.0748pt
* \textwidth=416.7538pt
* \textheight=227.62207pt
* \oddsidemargin=-62.23245pt
* \evensidemargin=-62.23245pt
* \topmargin=-72.26999pt
* \headheight=14.22636pt
* \headsep=0.0pt
* \topskip=11.0pt
* \footskip=14.22636pt
* \marginparwidth=4.0pt
* \marginparsep=10.0pt
* \columnsep=10.0pt
* \skip\footins=10.0pt plus 4.0pt minus 2.0pt
* \hoffset=0.0pt
* \voffset=0.0pt
* \mag=1000
* \@twocolumnfalse
* \@twosidefalse
* \@mparswitchfalse
* \@reversemarginfalse
* (1in=72.27pt=25.4mm, 1cm=28.453pt)

(/usr/local/texlive/2024/texmf-dist/tex/context/base/mkii/supp-pdf.mkii
[Loading MPS to PDF converter (version 2006.09.02).]
\scratchcounter=\count380
\scratchdimen=\dimen346
\scratchbox=\box118
\nofMPsegments=\count381
\nofMParguments=\count382
\everyMPshowfont=\toks55
\MPscratchCnt=\count383
\MPscratchDim=\dimen347
\MPnumerator=\count384
\makeMPintoPDFobject=\count385
\everyMPtoPDFconversion=\toks56
) (/usr/local/texlive/2024/texmf-dist/tex/latex/epstopdf-pkg/epstopdf-base.sty
Package: epstopdf-base 2020-01-24 v2.11 Base part for package epstopdf
Package epstopdf-base Info: Redefining graphics rule for `.eps' on input line 485.
 (/usr/local/texlive/2024/texmf-dist/tex/latex/latexconfig/epstopdf-sys.cfg
File: epstopdf-sys.cfg 2010/07/13 v1.3 Configuration of (r)epstopdf for TeX Live
))
Package hyperref Info: Link coloring ON on input line 129.
 (./Slides_Week03.out) (./Slides_Week03.out)
\@outlinefile=\write6
\openout6 = `Slides_Week03.out'.

 (/usr/local/texlive/2024/texmf-dist/tex/latex/translator/translator-basic-dictionary-English.dict
Dictionary: translator-basic-dictionary, Language: English 
) (/usr/local/texlive/2024/texmf-dist/tex/latex/translator/translator-bibliography-dictionary-English.dict
Dictionary: translator-bibliography-dictionary, Language: English 
) (/usr/local/texlive/2024/texmf-dist/tex/latex/translator/translator-environment-dictionary-English.dict
Dictionary: translator-environment-dictionary, Language: English 
) (/usr/local/texlive/2024/texmf-dist/tex/latex/translator/translator-months-dictionary-English.dict
Dictionary: translator-months-dictionary, Language: English 
) (/usr/local/texlive/2024/texmf-dist/tex/latex/translator/translator-numbers-dictionary-English.dict
Dictionary: translator-numbers-dictionary, Language: English 
) (/usr/local/texlive/2024/texmf-dist/tex/latex/translator/translator-theorem-dictionary-English.dict
Dictionary: translator-theorem-dictionary, Language: English 
) (./Slides_Week03.nav)
Overfull \hbox (136.7619pt too wide) detected at line 129
 [] [] [] [] [] [] 
 []


Overfull \hbox (6.21786pt too wide) in paragraph at lines 129--129
[][]  
 []


Package hyperref Warning: Option `pdfauthor' has already been used,
(hyperref)                setting the option has no effect on input line 133.


Overfull \hbox (136.7619pt too wide) detected at line 136
 [] [] [] [] [] [] 
 []


Overfull \hbox (6.21786pt too wide) in paragraph at lines 136--136
[][]  
 []

LaTeX Font Info:    Font shape `T1/phv/m/it' in size <14.4> not available
(Font)              Font shape `T1/phv/m/sl' tried instead on input line 136.
[1

{/usr/local/texlive/2024/texmf-var/fonts/map/pdftex/updmap/pdftex.map}{/usr/local/texlive/2024/texmf-dist/fonts/enc/dvips/base/8r.enc}]
Overfull \hbox (136.7619pt too wide) detected at line 138
 [] [] [] [] [] [] 
 []


Overfull \hbox (6.21786pt too wide) in paragraph at lines 138--138
[][]  
 []

(./Slides_Week03.toc) [2

]
Overfull \hbox (136.7619pt too wide) detected at line 140
 [] [] [] [] [] [] 
 []


Overfull \hbox (6.21786pt too wide) in paragraph at lines 140--140
[][]  
 []

(./Slides_Week03.toc) [3

]
Overfull \hbox (136.7619pt too wide) detected at line 148
 [] [] [] [] [] [] 
 []


Overfull \hbox (6.21786pt too wide) in paragraph at lines 148--148
[][]  
 []

LaTeX Font Info:    Trying to load font information for U+msa on input line 148.
(/usr/local/texlive/2024/texmf-dist/tex/latex/amsfonts/umsa.fd
File: umsa.fd 2013/01/14 v3.01 AMS symbols A
)
LaTeX Font Info:    Trying to load font information for U+msb on input line 148.
 (/usr/local/texlive/2024/texmf-dist/tex/latex/amsfonts/umsb.fd
File: umsb.fd 2013/01/14 v3.01 AMS symbols B
)
Overfull \hbox (136.7619pt too wide) has occurred while \output is active
 [] [] [] [] [] [] 
 []


Overfull \hbox (6.21786pt too wide) has occurred while \output is active
[][] 
 []

[4

]
Overfull \hbox (136.7619pt too wide) detected at line 154
 [] [] [] [] [] [] 
 []


Overfull \hbox (6.21786pt too wide) in paragraph at lines 154--154
[][]  
 []

<images/figure5_1.png, id=117, 689.9376pt x 264.0264pt>
File: images/figure5_1.png Graphic file (type png)
<use images/figure5_1.png>
Package pdftex.def Info: images/figure5_1.png  used on input line 154.
(pdftex.def)             Requested size: 416.7538pt x 159.4887pt.

Overfull \hbox (136.7619pt too wide) has occurred while \output is active
 [] [] [] [] [] [] 
 []


Overfull \hbox (6.21786pt too wide) has occurred while \output is active
[][] 
 []

[5

 <./images/figure5_1.png>]
Overfull \hbox (136.7619pt too wide) detected at line 162
 [] [] [] [] [] [] 
 []


Overfull \hbox (6.21786pt too wide) in paragraph at lines 162--162
[][]  
 []


Overfull \hbox (136.7619pt too wide) has occurred while \output is active
 [] [] [] [] [] [] 
 []


Overfull \hbox (6.21786pt too wide) has occurred while \output is active
[][] 
 []

[6

]
Overfull \hbox (136.7619pt too wide) detected at line 175
 [] [] [] [] [] [] 
 []


Overfull \hbox (6.21786pt too wide) in paragraph at lines 175--175
[][]  
 []


Overfull \hbox (136.7619pt too wide) has occurred while \output is active
 [] [] [] [] [] [] 
 []


Overfull \hbox (6.21786pt too wide) has occurred while \output is active
[][] 
 []

[7

]
Overfull \hbox (136.7619pt too wide) detected at line 184
 [] [] [] [] [] [] 
 []


Overfull \hbox (6.21786pt too wide) in paragraph at lines 184--184
[][]  
 []


Overfull \hbox (136.7619pt too wide) has occurred while \output is active
 [] [] [] [] [] [] 
 []


Overfull \hbox (6.21786pt too wide) has occurred while \output is active
[][] 
 []

[8

]
Overfull \hbox (136.7619pt too wide) detected at line 193
 [] [] [] [] [] [] 
 []


Overfull \hbox (6.21786pt too wide) in paragraph at lines 193--193
[][]  
 []


Overfull \hbox (136.7619pt too wide) has occurred while \output is active
 [] [] [] [] [] [] 
 []


Overfull \hbox (6.21786pt too wide) has occurred while \output is active
[][] 
 []

[9

]
Overfull \hbox (136.7619pt too wide) detected at line 203
 [] [] [] [] [] [] 
 []


Overfull \hbox (6.21786pt too wide) in paragraph at lines 203--203
[][]  
 []


Overfull \hbox (136.7619pt too wide) has occurred while \output is active
 [] [] [] [] [] [] 
 []


Overfull \hbox (6.21786pt too wide) has occurred while \output is active
[][] 
 []

[10

]
Overfull \hbox (136.7619pt too wide) detected at line 218
 [] [] [] [] [] [] 
 []


Overfull \hbox (6.21786pt too wide) in paragraph at lines 218--218
[][]  
 []


Overfull \hbox (136.7619pt too wide) has occurred while \output is active
 [] [] [] [] [] [] 
 []


Overfull \hbox (6.21786pt too wide) has occurred while \output is active
[][] 
 []

[11

]
Overfull \hbox (136.7619pt too wide) detected at line 224
 [] [] [] [] [] [] 
 []


Overfull \hbox (6.21786pt too wide) in paragraph at lines 224--224
[][]  
 []

<images/figure5_2.png, id=207, 521.3076pt x 393.6306pt>
File: images/figure5_2.png Graphic file (type png)
<use images/figure5_2.png>
Package pdftex.def Info: images/figure5_2.png  used on input line 224.
(pdftex.def)             Requested size: 291.72638pt x 220.28748pt.

Overfull \vbox (31.40291pt too high) detected at line 224
 []


Overfull \hbox (136.7619pt too wide) has occurred while \output is active
 [] [] [] [] [] [] 
 []


Overfull \hbox (6.21786pt too wide) has occurred while \output is active
[][] 
 []

[12

 <./images/figure5_2.png>]
Overfull \hbox (136.7619pt too wide) detected at line 233
 [] [] [] [] [] [] 
 []


Overfull \hbox (6.21786pt too wide) in paragraph at lines 233--233
[][]  
 []


Overfull \hbox (136.7619pt too wide) has occurred while \output is active
 [] [] [] [] [] [] 
 []


Overfull \hbox (6.21786pt too wide) has occurred while \output is active
[][] 
 []

[13

]
Overfull \hbox (136.7619pt too wide) detected at line 241
 [] [] [] [] [] [] 
 []


Overfull \hbox (6.21786pt too wide) in paragraph at lines 241--241
[][]  
 []


Overfull \hbox (136.7619pt too wide) has occurred while \output is active
 [] [] [] [] [] [] 
 []


Overfull \hbox (6.21786pt too wide) has occurred while \output is active
[][] 
 []

[14

]
Overfull \hbox (136.7619pt too wide) detected at line 247
 [] [] [] [] [] [] 
 []


Overfull \hbox (6.21786pt too wide) in paragraph at lines 247--247
[][]  
 []

<images/figure5_4.png, id=245, 521.3076pt x 369.0588pt>
File: images/figure5_4.png Graphic file (type png)
<use images/figure5_4.png>
Package pdftex.def Info: images/figure5_4.png  used on input line 247.
(pdftex.def)             Requested size: 312.56534pt x 221.29056pt.

Overfull \vbox (32.40599pt too high) detected at line 247
 []


Overfull \hbox (136.7619pt too wide) has occurred while \output is active
 [] [] [] [] [] [] 
 []


Overfull \hbox (6.21786pt too wide) has occurred while \output is active
[][] 
 []

[15

 <./images/figure5_4.png>]
Overfull \hbox (136.7619pt too wide) detected at line 258
 [] [] [] [] [] [] 
 []


Overfull \hbox (6.21786pt too wide) in paragraph at lines 258--258
[][]  
 []


Overfull \hbox (136.7619pt too wide) has occurred while \output is active
 [] [] [] [] [] [] 
 []


Overfull \hbox (6.21786pt too wide) has occurred while \output is active
[][] 
 []

[16

]
Overfull \hbox (136.7619pt too wide) detected at line 260
 [] [] [] [] [] [] 
 []


Overfull \hbox (6.21786pt too wide) in paragraph at lines 260--260
[][]  
 []

(./Slides_Week03.toc) [17

]
Overfull \hbox (136.7619pt too wide) detected at line 269
 [] [] [] [] [] [] 
 []


Overfull \hbox (6.21786pt too wide) in paragraph at lines 269--269
[][]  
 []


Overfull \hbox (136.7619pt too wide) has occurred while \output is active
 [] [] [] [] [] [] 
 []


Overfull \hbox (6.21786pt too wide) has occurred while \output is active
[][] 
 []

[18

]
Overfull \hbox (136.7619pt too wide) detected at line 277
 [] [] [] [] [] [] 
 []


Overfull \hbox (6.21786pt too wide) in paragraph at lines 277--277
[][]  
 []


Overfull \hbox (136.7619pt too wide) has occurred while \output is active
 [] [] [] [] [] [] 
 []


Overfull \hbox (6.21786pt too wide) has occurred while \output is active
[][] 
 []

[19

]
Overfull \hbox (136.7619pt too wide) detected at line 286
 [] [] [] [] [] [] 
 []


Overfull \hbox (6.21786pt too wide) in paragraph at lines 286--286
[][]  
 []

<images/figure5_5.png, id=307, 521.3076pt x 365.6862pt>
File: images/figure5_5.png Graphic file (type png)
<use images/figure5_5.png>
Package pdftex.def Info: images/figure5_5.png  used on input line 286.
(pdftex.def)             Requested size: 291.72638pt x 204.64896pt.

Overfull \vbox (45.90074pt too high) detected at line 286
 []


Overfull \hbox (136.7619pt too wide) has occurred while \output is active
 [] [] [] [] [] [] 
 []


Overfull \hbox (6.21786pt too wide) has occurred while \output is active
[][] 
 []

[20

 <./images/figure5_5.png>]
Overfull \hbox (136.7619pt too wide) detected at line 294
 [] [] [] [] [] [] 
 []


Overfull \hbox (6.21786pt too wide) in paragraph at lines 294--294
[][]  
 []


Overfull \hbox (136.7619pt too wide) has occurred while \output is active
 [] [] [] [] [] [] 
 []


Overfull \hbox (6.21786pt too wide) has occurred while \output is active
[][] 
 []

[21

]
Overfull \hbox (136.7619pt too wide) detected at line 302
 [] [] [] [] [] [] 
 []


Overfull \hbox (6.21786pt too wide) in paragraph at lines 302--302
[][]  
 []


Overfull \hbox (136.7619pt too wide) has occurred while \output is active
 [] [] [] [] [] [] 
 []


Overfull \hbox (6.21786pt too wide) has occurred while \output is active
[][] 
 []

[22

]
Overfull \hbox (136.7619pt too wide) detected at line 311
 [] [] [] [] [] [] 
 []


Overfull \hbox (6.21786pt too wide) in paragraph at lines 311--311
[][]  
 []


Overfull \hbox (136.7619pt too wide) has occurred while \output is active
 [] [] [] [] [] [] 
 []


Overfull \hbox (6.21786pt too wide) has occurred while \output is active
[][] 
 []

[23

]
Overfull \hbox (136.7619pt too wide) detected at line 313
 [] [] [] [] [] [] 
 []


Overfull \hbox (6.21786pt too wide) in paragraph at lines 313--313
[][]  
 []

(./Slides_Week03.toc) [24

]
Overfull \hbox (136.7619pt too wide) detected at line 322
 [] [] [] [] [] [] 
 []


Overfull \hbox (6.21786pt too wide) in paragraph at lines 322--322
[][]  
 []


Overfull \hbox (136.7619pt too wide) has occurred while \output is active
 [] [] [] [] [] [] 
 []


Overfull \hbox (6.21786pt too wide) has occurred while \output is active
[][] 
 []

[25

]
Overfull \hbox (136.7619pt too wide) detected at line 330
 [] [] [] [] [] [] 
 []


Overfull \hbox (6.21786pt too wide) in paragraph at lines 330--330
[][]  
 []


Overfull \hbox (136.7619pt too wide) has occurred while \output is active
 [] [] [] [] [] [] 
 []


Overfull \hbox (6.21786pt too wide) has occurred while \output is active
[][] 
 []

[26

]
Overfull \hbox (136.7619pt too wide) detected at line 339
 [] [] [] [] [] [] 
 []


Overfull \hbox (6.21786pt too wide) in paragraph at lines 339--339
[][]  
 []

<images/figure5_6.png, id=394, 521.3076pt x 365.6862pt>
File: images/figure5_6.png Graphic file (type png)
<use images/figure5_6.png>
Package pdftex.def Info: images/figure5_6.png  used on input line 339.
(pdftex.def)             Requested size: 291.72638pt x 204.64896pt.

Overfull \vbox (45.76929pt too high) detected at line 339
 []


Overfull \hbox (136.7619pt too wide) has occurred while \output is active
 [] [] [] [] [] [] 
 []


Overfull \hbox (6.21786pt too wide) has occurred while \output is active
[][] 
 []

[27

 <./images/figure5_6.png>]
Overfull \hbox (136.7619pt too wide) detected at line 350
 [] [] [] [] [] [] 
 []


Overfull \hbox (6.21786pt too wide) in paragraph at lines 350--350
[][]  
 []

LaTeX Font Info:    Font shape `T1/phv/m/it' in size <10.95> not available
(Font)              Font shape `T1/phv/m/sl' tried instead on input line 350.

Overfull \vbox (7.33994pt too high) detected at line 350
 []


Overfull \hbox (136.7619pt too wide) has occurred while \output is active
 [] [] [] [] [] [] 
 []


Overfull \hbox (6.21786pt too wide) has occurred while \output is active
[][] 
 []

[28

]
Overfull \hbox (136.7619pt too wide) detected at line 359
 [] [] [] [] [] [] 
 []


Overfull \hbox (6.21786pt too wide) in paragraph at lines 359--359
[][]  
 []

<images/figure5_7.png, id=419, 521.3076pt x 354.6048pt>
File: images/figure5_7.png Graphic file (type png)
<use images/figure5_7.png>
Package pdftex.def Info: images/figure5_7.png  used on input line 359.
(pdftex.def)             Requested size: 291.72638pt x 198.44746pt.

Overfull \vbox (39.5678pt too high) detected at line 359
 []


Overfull \hbox (136.7619pt too wide) has occurred while \output is active
 [] [] [] [] [] [] 
 []


Overfull \hbox (6.21786pt too wide) has occurred while \output is active
[][] 
 []

[29

 <./images/figure5_7.png>]
Overfull \hbox (136.7619pt too wide) detected at line 369
 [] [] [] [] [] [] 
 []


Overfull \hbox (6.21786pt too wide) in paragraph at lines 369--369
[][]  
 []


Overfull \hbox (136.7619pt too wide) has occurred while \output is active
 [] [] [] [] [] [] 
 []


Overfull \hbox (6.21786pt too wide) has occurred while \output is active
[][] 
 []

[30

]
Overfull \hbox (136.7619pt too wide) detected at line 378
 [] [] [] [] [] [] 
 []


Overfull \hbox (6.21786pt too wide) in paragraph at lines 378--378
[][]  
 []


Overfull \hbox (136.7619pt too wide) has occurred while \output is active
 [] [] [] [] [] [] 
 []


Overfull \hbox (6.21786pt too wide) has occurred while \output is active
[][] 
 []

[31

]
Overfull \hbox (136.7619pt too wide) detected at line 386
 [] [] [] [] [] [] 
 []


Overfull \hbox (6.21786pt too wide) in paragraph at lines 386--386
[][]  
 []


Overfull \hbox (136.7619pt too wide) has occurred while \output is active
 [] [] [] [] [] [] 
 []


Overfull \hbox (6.21786pt too wide) has occurred while \output is active
[][] 
 []

[32

]
Overfull \hbox (136.7619pt too wide) detected at line 499
 [] [] [] [] [] [] 
 []


Overfull \hbox (6.21786pt too wide) in paragraph at lines 499--499
[][]  
 []


Overfull \hbox (136.7619pt too wide) has occurred while \output is active
 [] [] [] [] [] [] 
 []


Overfull \hbox (6.21786pt too wide) has occurred while \output is active
[][] 
 []

[33

]
Overfull \hbox (136.7619pt too wide) detected at line 501
 [] [] [] [] [] [] 
 []


Overfull \hbox (6.21786pt too wide) in paragraph at lines 501--501
[][]  
 []

(./Slides_Week03.toc) [34

]
Overfull \hbox (136.7619pt too wide) detected at line 503
 [] [] [] [] [] [] 
 []


Overfull \hbox (6.21786pt too wide) in paragraph at lines 503--503
[][]  
 []

(./Slides_Week03.toc) [35

]
Overfull \hbox (136.7619pt too wide) detected at line 511
 [] [] [] [] [] [] 
 []


Overfull \hbox (6.21786pt too wide) in paragraph at lines 511--511
[][]  
 []


Overfull \hbox (136.7619pt too wide) has occurred while \output is active
 [] [] [] [] [] [] 
 []


Overfull \hbox (6.21786pt too wide) has occurred while \output is active
[][] 
 []

[36

]
Overfull \hbox (136.7619pt too wide) detected at line 521
 [] [] [] [] [] [] 
 []


Overfull \hbox (6.21786pt too wide) in paragraph at lines 521--521
[][]  
 []


Overfull \hbox (136.7619pt too wide) has occurred while \output is active
 [] [] [] [] [] [] 
 []


Overfull \hbox (6.21786pt too wide) has occurred while \output is active
[][] 
 []

[37

]
Overfull \hbox (136.7619pt too wide) detected at line 529
 [] [] [] [] [] [] 
 []


Overfull \hbox (6.21786pt too wide) in paragraph at lines 529--529
[][]  
 []


Overfull \hbox (136.7619pt too wide) has occurred while \output is active
 [] [] [] [] [] [] 
 []


Overfull \hbox (6.21786pt too wide) has occurred while \output is active
[][] 
 []

[38

]
Overfull \hbox (136.7619pt too wide) detected at line 537
 [] [] [] [] [] [] 
 []


Overfull \hbox (6.21786pt too wide) in paragraph at lines 537--537
[][]  
 []


Overfull \hbox (136.7619pt too wide) has occurred while \output is active
 [] [] [] [] [] [] 
 []


Overfull \hbox (6.21786pt too wide) has occurred while \output is active
[][] 
 []

[39

]
Overfull \hbox (136.7619pt too wide) detected at line 545
 [] [] [] [] [] [] 
 []


Overfull \hbox (6.21786pt too wide) in paragraph at lines 545--545
[][]  
 []


Overfull \hbox (136.7619pt too wide) has occurred while \output is active
 [] [] [] [] [] [] 
 []


Overfull \hbox (6.21786pt too wide) has occurred while \output is active
[][] 
 []

[40

]
Overfull \hbox (136.7619pt too wide) detected at line 555
 [] [] [] [] [] [] 
 []


Overfull \hbox (6.21786pt too wide) in paragraph at lines 555--555
[][]  
 []


Overfull \hbox (136.7619pt too wide) has occurred while \output is active
 [] [] [] [] [] [] 
 []


Overfull \hbox (6.21786pt too wide) has occurred while \output is active
[][] 
 []

[41

]
Overfull \hbox (136.7619pt too wide) detected at line 564
 [] [] [] [] [] [] 
 []


Overfull \hbox (6.21786pt too wide) in paragraph at lines 564--564
[][]  
 []

<images/figure6_1.png, id=584, 521.3076pt x 324.2514pt>
File: images/figure6_1.png Graphic file (type png)
<use images/figure6_1.png>
Package pdftex.def Info: images/figure6_1.png  used on input line 564.
(pdftex.def)             Requested size: 300.06323pt x 186.64597pt.

Overfull \vbox (41.49776pt too high) detected at line 564
 []


Overfull \hbox (136.7619pt too wide) has occurred while \output is active
 [] [] [] [] [] [] 
 []


Overfull \hbox (6.21786pt too wide) has occurred while \output is active
[][] 
 []

[42

 <./images/figure6_1.png>]
Overfull \hbox (136.7619pt too wide) detected at line 574
 [] [] [] [] [] [] 
 []


Overfull \hbox (6.21786pt too wide) in paragraph at lines 574--574
[][]  
 []


Overfull \hbox (136.7619pt too wide) has occurred while \output is active
 [] [] [] [] [] [] 
 []


Overfull \hbox (6.21786pt too wide) has occurred while \output is active
[][] 
 []

[43

]
Overfull \hbox (136.7619pt too wide) detected at line 708
 [] [] [] [] [] [] 
 []


Overfull \hbox (6.21786pt too wide) in paragraph at lines 708--708
[][]  
 []

(./Slides_Week03.toc) [44

]
Overfull \hbox (136.7619pt too wide) detected at line 716
 [] [] [] [] [] [] 
 []


Overfull \hbox (6.21786pt too wide) in paragraph at lines 716--716
[][]  
 []


Overfull \hbox (136.7619pt too wide) has occurred while \output is active
 [] [] [] [] [] [] 
 []


Overfull \hbox (6.21786pt too wide) has occurred while \output is active
[][] 
 []

[45

]
Overfull \hbox (136.7619pt too wide) detected at line 725
 [] [] [] [] [] [] 
 []


Overfull \hbox (6.21786pt too wide) in paragraph at lines 725--725
[][]  
 []

<images/figure6_4.png, id=634, 689.9376pt x 409.0482pt>
File: images/figure6_4.png Graphic file (type png)
<use images/figure6_4.png>
Package pdftex.def Info: images/figure6_4.png  used on input line 725.
(pdftex.def)             Requested size: 304.22849pt x 180.37497pt.

Overfull \vbox (39.36894pt too high) detected at line 725
 []


Overfull \hbox (136.7619pt too wide) has occurred while \output is active
 [] [] [] [] [] [] 
 []


Overfull \hbox (6.21786pt too wide) has occurred while \output is active
[][] 
 []

[46

 <./images/figure6_4.png>]
Overfull \hbox (136.7619pt too wide) detected at line 734
 [] [] [] [] [] [] 
 []


Overfull \hbox (6.21786pt too wide) in paragraph at lines 734--734
[][]  
 []


Overfull \hbox (136.7619pt too wide) has occurred while \output is active
 [] [] [] [] [] [] 
 []


Overfull \hbox (6.21786pt too wide) has occurred while \output is active
[][] 
 []

[47

]
Overfull \hbox (136.7619pt too wide) detected at line 744
 [] [] [] [] [] [] 
 []


Overfull \hbox (6.21786pt too wide) in paragraph at lines 744--744
[][]  
 []


Overfull \hbox (136.7619pt too wide) has occurred while \output is active
 [] [] [] [] [] [] 
 []


Overfull \hbox (6.21786pt too wide) has occurred while \output is active
[][] 
 []

[48

]
Overfull \hbox (136.7619pt too wide) detected at line 752
 [] [] [] [] [] [] 
 []


Overfull \hbox (6.21786pt too wide) in paragraph at lines 752--752
[][]  
 []


Overfull \hbox (136.7619pt too wide) has occurred while \output is active
 [] [] [] [] [] [] 
 []


Overfull \hbox (6.21786pt too wide) has occurred while \output is active
[][] 
 []

[49

]
Overfull \hbox (136.7619pt too wide) detected at line 761
 [] [] [] [] [] [] 
 []


Overfull \hbox (6.21786pt too wide) in paragraph at lines 761--761
[][]  
 []


Overfull \hbox (136.7619pt too wide) has occurred while \output is active
 [] [] [] [] [] [] 
 []


Overfull \hbox (6.21786pt too wide) has occurred while \output is active
[][] 
 []

[50

]
Overfull \hbox (136.7619pt too wide) detected at line 770
 [] [] [] [] [] [] 
 []


Overfull \hbox (6.21786pt too wide) in paragraph at lines 770--770
[][]  
 []


Overfull \hbox (136.7619pt too wide) has occurred while \output is active
 [] [] [] [] [] [] 
 []


Overfull \hbox (6.21786pt too wide) has occurred while \output is active
[][] 
 []

[51

]
Overfull \hbox (136.7619pt too wide) detected at line 777
 [] [] [] [] [] [] 
 []


Overfull \hbox (6.21786pt too wide) in paragraph at lines 777--777
[][]  
 []


Overfull \hbox (136.7619pt too wide) has occurred while \output is active
 [] [] [] [] [] [] 
 []


Overfull \hbox (6.21786pt too wide) has occurred while \output is active
[][] 
 []

[52

]
Overfull \hbox (136.7619pt too wide) detected at line 789
 [] [] [] [] [] [] 
 []


Overfull \hbox (6.21786pt too wide) in paragraph at lines 789--789
[][]  
 []


Overfull \hbox (136.7619pt too wide) has occurred while \output is active
 [] [] [] [] [] [] 
 []


Overfull \hbox (6.21786pt too wide) has occurred while \output is active
[][] 
 []

[53

]
Overfull \hbox (136.7619pt too wide) detected at line 801
 [] [] [] [] [] [] 
 []


Overfull \hbox (6.21786pt too wide) in paragraph at lines 801--801
[][]  
 []


Overfull \hbox (136.7619pt too wide) has occurred while \output is active
 [] [] [] [] [] [] 
 []


Overfull \hbox (6.21786pt too wide) has occurred while \output is active
[][] 
 []

[54

]
Overfull \hbox (136.7619pt too wide) detected at line 810
 [] [] [] [] [] [] 
 []


Overfull \hbox (6.21786pt too wide) in paragraph at lines 810--810
[][]  
 []


Overfull \hbox (136.7619pt too wide) has occurred while \output is active
 [] [] [] [] [] [] 
 []


Overfull \hbox (6.21786pt too wide) has occurred while \output is active
[][] 
 []

[55

]
Overfull \hbox (136.7619pt too wide) detected at line 819
 [] [] [] [] [] [] 
 []


Overfull \hbox (6.21786pt too wide) in paragraph at lines 819--819
[][]  
 []


Overfull \hbox (136.7619pt too wide) has occurred while \output is active
 [] [] [] [] [] [] 
 []


Overfull \hbox (6.21786pt too wide) has occurred while \output is active
[][] 
 []

[56

]
Overfull \hbox (136.7619pt too wide) detected at line 827
 [] [] [] [] [] [] 
 []


Overfull \hbox (6.21786pt too wide) in paragraph at lines 827--827
[][]  
 []


Overfull \hbox (136.7619pt too wide) has occurred while \output is active
 [] [] [] [] [] [] 
 []


Overfull \hbox (6.21786pt too wide) has occurred while \output is active
[][] 
 []

[57

]
Overfull \hbox (136.7619pt too wide) detected at line 829
 [] [] [] [] [] [] 
 []


Overfull \hbox (6.21786pt too wide) in paragraph at lines 829--829
[][]  
 []

(./Slides_Week03.toc) [58

]
Overfull \hbox (136.7619pt too wide) detected at line 840
 [] [] [] [] [] [] 
 []


Overfull \hbox (6.21786pt too wide) in paragraph at lines 840--840
[][]  
 []


Overfull \hbox (136.7619pt too wide) has occurred while \output is active
 [] [] [] [] [] [] 
 []


Overfull \hbox (6.21786pt too wide) has occurred while \output is active
[][] 
 []

[59

]
Overfull \hbox (136.7619pt too wide) detected at line 850
 [] [] [] [] [] [] 
 []


Overfull \hbox (6.21786pt too wide) in paragraph at lines 850--850
[][]  
 []


Overfull \hbox (136.7619pt too wide) has occurred while \output is active
 [] [] [] [] [] [] 
 []


Overfull \hbox (6.21786pt too wide) has occurred while \output is active
[][] 
 []

[60

]
Overfull \hbox (136.7619pt too wide) detected at line 859
 [] [] [] [] [] [] 
 []


Overfull \hbox (6.21786pt too wide) in paragraph at lines 859--859
[][]  
 []

<images/figure6_5.png, id=819, 689.9376pt x 370.986pt>
File: images/figure6_5.png Graphic file (type png)
<use images/figure6_5.png>
Package pdftex.def Info: images/figure6_5.png  used on input line 859.
(pdftex.def)             Requested size: 354.24327pt x 190.48534pt.

Overfull \vbox (31.73712pt too high) detected at line 859
 []


Overfull \hbox (136.7619pt too wide) has occurred while \output is active
 [] [] [] [] [] [] 
 []


Overfull \hbox (6.21786pt too wide) has occurred while \output is active
[][] 
 []

[61

 <./images/figure6_5.png>]
Overfull \hbox (136.7619pt too wide) detected at line 869
 [] [] [] [] [] [] 
 []


Overfull \hbox (6.21786pt too wide) in paragraph at lines 869--869
[][]  
 []


Overfull \hbox (136.7619pt too wide) has occurred while \output is active
 [] [] [] [] [] [] 
 []


Overfull \hbox (6.21786pt too wide) has occurred while \output is active
[][] 
 []

[62

]
Overfull \hbox (136.7619pt too wide) detected at line 917
 [] [] [] [] [] [] 
 []


Overfull \hbox (6.21786pt too wide) in paragraph at lines 917--917
[][]  
 []


Overfull \hbox (136.7619pt too wide) has occurred while \output is active
 [] [] [] [] [] [] 
 []


Overfull \hbox (6.21786pt too wide) has occurred while \output is active
[][] 
 []

[63

]
Overfull \hbox (136.7619pt too wide) detected at line 919
 [] [] [] [] [] [] 
 []


Overfull \hbox (6.21786pt too wide) in paragraph at lines 919--919
[][]  
 []

(./Slides_Week03.toc) [64

]
Overfull \hbox (136.7619pt too wide) detected at line 921
 [] [] [] [] [] [] 
 []


Overfull \hbox (6.21786pt too wide) in paragraph at lines 921--921
[][]  
 []

(./Slides_Week03.toc) [65

]
Overfull \hbox (136.7619pt too wide) detected at line 932
 [] [] [] [] [] [] 
 []


Overfull \hbox (6.21786pt too wide) in paragraph at lines 932--932
[][]  
 []


Overfull \hbox (136.7619pt too wide) has occurred while \output is active
 [] [] [] [] [] [] 
 []


Overfull \hbox (6.21786pt too wide) has occurred while \output is active
[][] 
 []

[66

]
Overfull \hbox (136.7619pt too wide) detected at line 943
 [] [] [] [] [] [] 
 []


Overfull \hbox (6.21786pt too wide) in paragraph at lines 943--943
[][]  
 []


Overfull \hbox (136.7619pt too wide) has occurred while \output is active
 [] [] [] [] [] [] 
 []


Overfull \hbox (6.21786pt too wide) has occurred while \output is active
[][] 
 []

[67

]
Overfull \hbox (136.7619pt too wide) detected at line 957
 [] [] [] [] [] [] 
 []


Overfull \hbox (6.21786pt too wide) in paragraph at lines 957--957
[][]  
 []


Overfull \hbox (136.7619pt too wide) has occurred while \output is active
 [] [] [] [] [] [] 
 []


Overfull \hbox (6.21786pt too wide) has occurred while \output is active
[][] 
 []

[68

]
Overfull \hbox (136.7619pt too wide) detected at line 973
 [] [] [] [] [] [] 
 []


Overfull \hbox (6.21786pt too wide) in paragraph at lines 973--973
[][]  
 []


Overfull \hbox (136.7619pt too wide) has occurred while \output is active
 [] [] [] [] [] [] 
 []


Overfull \hbox (6.21786pt too wide) has occurred while \output is active
[][] 
 []

[69

]
Overfull \hbox (136.7619pt too wide) detected at line 978
 [] [] [] [] [] [] 
 []


Overfull \hbox (6.21786pt too wide) in paragraph at lines 978--978
[][]  
 []

<images/CookEtAl01.png, id=935, 714.67pt x 237.88875pt>
File: images/CookEtAl01.png Graphic file (type png)
<use images/CookEtAl01.png>
Package pdftex.def Info: images/CookEtAl01.png  used on input line 978.
(pdftex.def)             Requested size: 416.7538pt x 138.72331pt.

Overfull \hbox (136.7619pt too wide) has occurred while \output is active
 [] [] [] [] [] [] 
 []


Overfull \hbox (6.21786pt too wide) has occurred while \output is active
[][] 
 []

[70

 <./images/CookEtAl01.png>]
Overfull \hbox (136.7619pt too wide) detected at line 985
 [] [] [] [] [] [] 
 []


Overfull \hbox (6.21786pt too wide) in paragraph at lines 985--985
[][]  
 []

<images/CookEtAl02.png, id=950, 351.3125pt x 273.02pt>
File: images/CookEtAl02.png Graphic file (type png)
<use images/CookEtAl02.png>
Package pdftex.def Info: images/CookEtAl02.png  used on input line 985.
(pdftex.def)             Requested size: 204.21164pt x 158.70581pt.
<images/CookEtAl03.png, id=951, 344.28625pt x 268.00125pt>
File: images/CookEtAl03.png Graphic file (type png)
<use images/CookEtAl03.png>
Package pdftex.def Info: images/CookEtAl03.png  used on input line 985.
(pdftex.def)             Requested size: 204.21164pt x 158.96176pt.

Overfull \hbox (136.7619pt too wide) has occurred while \output is active
 [] [] [] [] [] [] 
 []


Overfull \hbox (6.21786pt too wide) has occurred while \output is active
[][] 
 []

[71

 <./images/CookEtAl02.png> <./images/CookEtAl03.png>]
Overfull \hbox (136.7619pt too wide) detected at line 998
 [] [] [] [] [] [] 
 []


Overfull \hbox (6.21786pt too wide) in paragraph at lines 998--998
[][]  
 []


Overfull \hbox (136.7619pt too wide) has occurred while \output is active
 [] [] [] [] [] [] 
 []


Overfull \hbox (6.21786pt too wide) has occurred while \output is active
[][] 
 []

[72

]
Overfull \hbox (136.7619pt too wide) detected at line 1004
 [] [] [] [] [] [] 
 []


Overfull \hbox (6.21786pt too wide) in paragraph at lines 1004--1004
[][]  
 []

<images/CookEtAl04.png, id=979, 720.6925pt x 329.23pt>
File: images/CookEtAl04.png Graphic file (type png)
<use images/CookEtAl04.png>
Package pdftex.def Info: images/CookEtAl04.png  used on input line 1004.
(pdftex.def)             Requested size: 416.7538pt x 190.38083pt.

Overfull \hbox (136.7619pt too wide) has occurred while \output is active
 [] [] [] [] [] [] 
 []


Overfull \hbox (6.21786pt too wide) has occurred while \output is active
[][] 
 []

[73

 <./images/CookEtAl04.png>]
Overfull \hbox (136.7619pt too wide) detected at line 1006
 [] [] [] [] [] [] 
 []


Overfull \hbox (6.21786pt too wide) in paragraph at lines 1006--1006
[][]  
 []

(./Slides_Week03.toc) [74

]
Overfull \hbox (136.7619pt too wide) detected at line 1015
 [] [] [] [] [] [] 
 []


Overfull \hbox (6.21786pt too wide) in paragraph at lines 1015--1015
[][]  
 []

LaTeX Font Info:    Trying to load font information for T1+cmtt on input line 1015.
(/usr/local/texlive/2024/texmf-dist/tex/latex/base/t1cmtt.fd
File: t1cmtt.fd 2023/04/13 v2.5m Standard LaTeX font definitions
)
Overfull \hbox (136.7619pt too wide) has occurred while \output is active
 [] [] [] [] [] [] 
 []


Overfull \hbox (6.21786pt too wide) has occurred while \output is active
[][] 
 []

[75

{/usr/local/texlive/2024/texmf-dist/fonts/enc/dvips/cm-super/cm-super-t1.enc}]
Overfull \hbox (136.7619pt too wide) detected at line 1019
 [] [] [] [] [] [] 
 []


Overfull \hbox (6.21786pt too wide) in paragraph at lines 1019--1019
[][]  
 []

<images/DataCatalog1.png, id=1023, 882.29625pt x 382.42876pt>
File: images/DataCatalog1.png Graphic file (type png)
<use images/DataCatalog1.png>
Package pdftex.def Info: images/DataCatalog1.png  used on input line 1019.
(pdftex.def)             Requested size: 416.7538pt x 180.64018pt.

Overfull \hbox (136.7619pt too wide) has occurred while \output is active
 [] [] [] [] [] [] 
 []


Overfull \hbox (6.21786pt too wide) has occurred while \output is active
[][] 
 []

[76

 <./images/DataCatalog1.png>]
Overfull \hbox (136.7619pt too wide) detected at line 1023
 [] [] [] [] [] [] 
 []


Overfull \hbox (6.21786pt too wide) in paragraph at lines 1023--1023
[][]  
 []

<images/DataCatalog2.png, id=1037, 794.97pt x 381.425pt>
File: images/DataCatalog2.png Graphic file (type png)
<use images/DataCatalog2.png>
Package pdftex.def Info: images/DataCatalog2.png  used on input line 1023.
(pdftex.def)             Requested size: 416.7538pt x 199.96011pt.

Overfull \vbox (3.07555pt too high) detected at line 1023
 []


Overfull \hbox (136.7619pt too wide) has occurred while \output is active
 [] [] [] [] [] [] 
 []


Overfull \hbox (6.21786pt too wide) has occurred while \output is active
[][] 
 []

[77

 <./images/DataCatalog2.png>]
Overfull \hbox (136.7619pt too wide) detected at line 1027
 [] [] [] [] [] [] 
 []


Overfull \hbox (6.21786pt too wide) in paragraph at lines 1027--1027
[][]  
 []

<images/DataCatalog3.png, id=1051, 883.3pt x 366.36874pt>
File: images/DataCatalog3.png Graphic file (type png)
<use images/DataCatalog3.png>
Package pdftex.def Info: images/DataCatalog3.png  used on input line 1027.
(pdftex.def)             Requested size: 416.7538pt x 172.85858pt.

Overfull \hbox (136.7619pt too wide) has occurred while \output is active
 [] [] [] [] [] [] 
 []


Overfull \hbox (6.21786pt too wide) has occurred while \output is active
[][] 
 []

[78

 <./images/DataCatalog3.png>]
Overfull \hbox (136.7619pt too wide) detected at line 1031
 [] [] [] [] [] [] 
 []


Overfull \hbox (6.21786pt too wide) in paragraph at lines 1031--1031
[][]  
 []

<images/DataCatalog4.png, id=1065, 844.15375pt x 331.2375pt>
File: images/DataCatalog4.png Graphic file (type png)
<use images/DataCatalog4.png>
Package pdftex.def Info: images/DataCatalog4.png  used on input line 1031.
(pdftex.def)             Requested size: 416.7538pt x 163.53091pt.

Overfull \hbox (136.7619pt too wide) has occurred while \output is active
 [] [] [] [] [] [] 
 []


Overfull \hbox (6.21786pt too wide) has occurred while \output is active
[][] 
 []

[79

 <./images/DataCatalog4.png>]
\tf@nav=\write7
\openout7 = `Slides_Week03.nav'.

\tf@toc=\write8
\openout8 = `Slides_Week03.toc'.

\tf@snm=\write9
\openout9 = `Slides_Week03.snm'.

 (./Slides_Week03.aux)
 ***********
LaTeX2e <2023-11-01> patch level 1
L3 programming layer <2024-02-20>
 ***********
Package rerunfilecheck Info: File `Slides_Week03.out' has not changed.
(rerunfilecheck)             Checksum: C3D08BC973241351EFBF7CEAA1125389;2509.
 )
(\end occurred when \iftrue on line 1006 was incomplete)
(\end occurred when \iftrue on line 921 was incomplete)
(\end occurred when \iftrue on line 919 was incomplete)
(\end occurred when \iftrue on line 829 was incomplete)
(\end occurred when \iftrue on line 708 was incomplete)
(\end occurred when \iftrue on line 503 was incomplete)
(\end occurred when \iftrue on line 501 was incomplete)
(\end occurred when \iftrue on line 313 was incomplete)
(\end occurred when \iftrue on line 260 was incomplete)
(\end occurred when \iftrue on line 140 was incomplete)
(\end occurred when \iftrue on line 138 was incomplete) 
Here is how much of TeX's memory you used:
 33877 strings out of 474116
 708985 string characters out of 5743683
 1936187 words of memory out of 5000000
 55343 multiletter control sequences out of 15000+600000
 593834 words of font info for 97 fonts, out of 8000000 for 9000
 1141 hyphenation exceptions out of 8191
 128i,16n,123p,524b,591s stack positions out of 10000i,1000n,20000p,200000b,200000s
</usr/local/texlive/2024/texmf-dist/fonts/type1/public/amsfonts/cm/cmex10.pfb></usr/local/texlive/2024/texmf-dist/fonts/type1/public/amsfonts/cm/cmmi10.pfb></usr/local/texlive/2024/texmf-dist/fonts/type1/public/amsfonts/cm/cmmi6.pfb></usr/local/texlive/2024/texmf-dist/fonts/type1/public/amsfonts/cm/cmmi8.pfb></usr/local/texlive/2024/texmf-dist/fonts/type1/public/amsfonts/cm/cmmib10.pfb></usr/local/texlive/2024/texmf-dist/fonts/type1/public/amsfonts/cm/cmr10.pfb></usr/local/texlive/2024/texmf-dist/fonts/type1/public/amsfonts/cm/cmr8.pfb></usr/local/texlive/2024/texmf-dist/fonts/type1/public/amsfonts/cm/cmsy10.pfb></usr/local/texlive/2024/texmf-dist/fonts/type1/public/amsfonts/cm/cmsy8.pfb></usr/local/texlive/2024/texmf-dist/fonts/type1/public/amsfonts/symbols/msam10.pfb></usr/local/texlive/2024/texmf-dist/fonts/type1/public/amsfonts/symbols/msbm10.pfb></usr/local/texlive/2024/texmf-dist/fonts/type1/public/cm-super/sftt1095.pfb></usr/local/texlive/2024/texmf-dist/fonts/type1/urw/helvetic/uhvb8a.pfb></usr/local/texlive/2024/texmf-dist/fonts/type1/urw/helvetic/uhvr8a.pfb></usr/local/texlive/2024/texmf-dist/fonts/type1/urw/helvetic/uhvro8a.pfb>
Output written on Slides_Week03.pdf (79 pages, 3019287 bytes).
PDF statistics:
 1183 PDF objects out of 1200 (max. 8388607)
 793 compressed objects within 8 object streams
 170 named destinations out of 1000 (max. 500000)
 216 words of extra memory for PDF output out of 10000 (max. 10000000)

