This is pdfTeX, Version 3.141592653-2.6-1.40.26 (TeX Live 2024) (preloaded format=pdflatex 2025.1.5)  16 FEB 2026 21:27
entering extended mode
 restricted \write18 enabled.
 file:line:error style messages enabled.
 %&-line parsing enabled.
**/Users/michaelbest/Documents/GitHub/un3902-economics-of-public-policy-seminar/Week5-Health/Slides_Week05.tex
(/Users/michaelbest/Documents/GitHub/un3902-economics-of-public-policy-seminar/Week5-Health/Slides_Week05.tex
LaTeX2e <2023-11-01> patch level 1
L3 programming layer <2024-02-20>
(/usr/local/texlive/2024/texmf-dist/tex/latex/beamer/beamer.cls
Document Class: beamer 2024/01/06 v3.71 A class for typesetting presentations
(/usr/local/texlive/2024/texmf-dist/tex/latex/beamer/beamerbasemodes.sty (/usr/local/texlive/2024/texmf-dist/tex/latex/etoolbox/etoolbox.sty
Package: etoolbox 2020/10/05 v2.5k e-TeX tools for LaTeX (JAW)
\etb@tempcnta=\count188
)
\beamer@tempbox=\box51
\beamer@tempcount=\count189
\c@beamerpauses=\count190
 (/usr/local/texlive/2024/texmf-dist/tex/latex/beamer/beamerbasedecode.sty
\beamer@slideinframe=\count191
\beamer@minimum=\count192
\beamer@decode@box=\box52
)
\beamer@commentbox=\box53
\beamer@modecount=\count193
) (/usr/local/texlive/2024/texmf-dist/tex/generic/iftex/iftex.sty
Package: iftex 2022/02/03 v1.0f TeX engine tests
)
\headdp=\dimen140
\footheight=\dimen141
\sidebarheight=\dimen142
\beamer@tempdim=\dimen143
\beamer@finalheight=\dimen144
\beamer@animht=\dimen145
\beamer@animdp=\dimen146
\beamer@animwd=\dimen147
\beamer@leftmargin=\dimen148
\beamer@rightmargin=\dimen149
\beamer@leftsidebar=\dimen150
\beamer@rightsidebar=\dimen151
\beamer@boxsize=\dimen152
\beamer@vboxoffset=\dimen153
\beamer@descdefault=\dimen154
\beamer@descriptionwidth=\dimen155
\beamer@lastskip=\skip48
\beamer@areabox=\box54
\beamer@animcurrent=\box55
\beamer@animshowbox=\box56
\beamer@sectionbox=\box57
\beamer@logobox=\box58
\beamer@linebox=\box59
\beamer@sectioncount=\count194
\beamer@subsubsectionmax=\count195
\beamer@subsectionmax=\count196
\beamer@sectionmax=\count197
\beamer@totalheads=\count198
\beamer@headcounter=\count199
\beamer@partstartpage=\count266
\beamer@sectionstartpage=\count267
\beamer@subsectionstartpage=\count268
\beamer@animationtempa=\count269
\beamer@animationtempb=\count270
\beamer@xpos=\count271
\beamer@ypos=\count272
\beamer@ypos@offset=\count273
\beamer@showpartnumber=\count274
\beamer@currentsubsection=\count275
\beamer@coveringdepth=\count276
\beamer@sectionadjust=\count277
\beamer@toclastsection=\count278
\beamer@tocsectionnumber=\count279
 (/usr/local/texlive/2024/texmf-dist/tex/latex/beamer/beamerbaseoptions.sty (/usr/local/texlive/2024/texmf-dist/tex/latex/graphics/keyval.sty
Package: keyval 2022/05/29 v1.15 key=value parser (DPC)
\KV@toks@=\toks17
))
\beamer@paperwidth=\skip49
\beamer@paperheight=\skip50
 (/usr/local/texlive/2024/texmf-dist/tex/latex/geometry/geometry.sty
Package: geometry 2020/01/02 v5.9 Page Geometry
 (/usr/local/texlive/2024/texmf-dist/tex/generic/iftex/ifvtex.sty
Package: ifvtex 2019/10/25 v1.7 ifvtex legacy package. Use iftex instead.
)
\Gm@cnth=\count280
\Gm@cntv=\count281
\c@Gm@tempcnt=\count282
\Gm@bindingoffset=\dimen156
\Gm@wd@mp=\dimen157
\Gm@odd@mp=\dimen158
\Gm@even@mp=\dimen159
\Gm@layoutwidth=\dimen160
\Gm@layoutheight=\dimen161
\Gm@layouthoffset=\dimen162
\Gm@layoutvoffset=\dimen163
\Gm@dimlist=\toks18
) (/usr/local/texlive/2024/texmf-dist/tex/latex/pgf/math/pgfmath.sty (/usr/local/texlive/2024/texmf-dist/tex/latex/pgf/utilities/pgfrcs.sty (/usr/local/texlive/2024/texmf-dist/tex/generic/pgf/utilities/pgfutil-common.tex
\pgfutil@everybye=\toks19
\pgfutil@tempdima=\dimen164
\pgfutil@tempdimb=\dimen165
) (/usr/local/texlive/2024/texmf-dist/tex/generic/pgf/utilities/pgfutil-latex.def
\pgfutil@abb=\box60
) (/usr/local/texlive/2024/texmf-dist/tex/generic/pgf/utilities/pgfrcs.code.tex (/usr/local/texlive/2024/texmf-dist/tex/generic/pgf/pgf.revision.tex)
Package: pgfrcs 2023-01-15 v3.1.10 (3.1.10)
)) (/usr/local/texlive/2024/texmf-dist/tex/latex/pgf/utilities/pgfkeys.sty (/usr/local/texlive/2024/texmf-dist/tex/generic/pgf/utilities/pgfkeys.code.tex
\pgfkeys@pathtoks=\toks20
\pgfkeys@temptoks=\toks21
 (/usr/local/texlive/2024/texmf-dist/tex/generic/pgf/utilities/pgfkeyslibraryfiltered.code.tex
\pgfkeys@tmptoks=\toks22
))) (/usr/local/texlive/2024/texmf-dist/tex/generic/pgf/math/pgfmath.code.tex (/usr/local/texlive/2024/texmf-dist/tex/generic/pgf/math/pgfmathutil.code.tex
\pgf@x=\dimen166
\pgf@xa=\dimen167
\pgf@xb=\dimen168
\pgf@xc=\dimen169
\pgf@y=\dimen170
\pgf@ya=\dimen171
\pgf@yb=\dimen172
\pgf@yc=\dimen173
\c@pgf@counta=\count283
\c@pgf@countb=\count284
\c@pgf@countc=\count285
\c@pgf@countd=\count286
) (/usr/local/texlive/2024/texmf-dist/tex/generic/pgf/math/pgfmathparser.code.tex
\pgfmath@dimen=\dimen174
\pgfmath@count=\count287
\pgfmath@box=\box61
\pgfmath@toks=\toks23
\pgfmath@stack@operand=\toks24
\pgfmath@stack@operation=\toks25
) (/usr/local/texlive/2024/texmf-dist/tex/generic/pgf/math/pgfmathfunctions.code.tex) (/usr/local/texlive/2024/texmf-dist/tex/generic/pgf/math/pgfmathfunctions.basic.code.tex) (/usr/local/texlive/2024/texmf-dist/tex/generic/pgf/math/pgfmathfunctions.trigonometric.code.tex) (/usr/local/texlive/2024/texmf-dist/tex/generic/pgf/math/pgfmathfunctions.random.code.tex) (/usr/local/texlive/2024/texmf-dist/tex/generic/pgf/math/pgfmathfunctions.comparison.code.tex) (/usr/local/texlive/2024/texmf-dist/tex/generic/pgf/math/pgfmathfunctions.base.code.tex) (/usr/local/texlive/2024/texmf-dist/tex/generic/pgf/math/pgfmathfunctions.round.code.tex) (/usr/local/texlive/2024/texmf-dist/tex/generic/pgf/math/pgfmathfunctions.misc.code.tex) (/usr/local/texlive/2024/texmf-dist/tex/generic/pgf/math/pgfmathfunctions.integerarithmetics.code.tex) (/usr/local/texlive/2024/texmf-dist/tex/generic/pgf/math/pgfmathcalc.code.tex) (/usr/local/texlive/2024/texmf-dist/tex/generic/pgf/math/pgfmathfloat.code.tex
\c@pgfmathroundto@lastzeros=\count288
))) (/usr/local/texlive/2024/texmf-dist/tex/latex/base/size11.clo
File: size11.clo 2023/05/17 v1.4n Standard LaTeX file (size option)
) (/usr/local/texlive/2024/texmf-dist/tex/latex/pgf/basiclayer/pgfcore.sty (/usr/local/texlive/2024/texmf-dist/tex/latex/graphics/graphicx.sty
Package: graphicx 2021/09/16 v1.2d Enhanced LaTeX Graphics (DPC,SPQR)
 (/usr/local/texlive/2024/texmf-dist/tex/latex/graphics/graphics.sty
Package: graphics 2022/03/10 v1.4e Standard LaTeX Graphics (DPC,SPQR)
 (/usr/local/texlive/2024/texmf-dist/tex/latex/graphics/trig.sty
Package: trig 2021/08/11 v1.11 sin cos tan (DPC)
) (/usr/local/texlive/2024/texmf-dist/tex/latex/graphics-cfg/graphics.cfg
File: graphics.cfg 2016/06/04 v1.11 sample graphics configuration
)
Package graphics Info: Driver file: pdftex.def on input line 107.
 (/usr/local/texlive/2024/texmf-dist/tex/latex/graphics-def/pdftex.def
File: pdftex.def 2022/09/22 v1.2b Graphics/color driver for pdftex
))
\Gin@req@height=\dimen175
\Gin@req@width=\dimen176
) (/usr/local/texlive/2024/texmf-dist/tex/latex/pgf/systemlayer/pgfsys.sty (/usr/local/texlive/2024/texmf-dist/tex/generic/pgf/systemlayer/pgfsys.code.tex
Package: pgfsys 2023-01-15 v3.1.10 (3.1.10)
\pgf@x=\dimen177
\pgf@y=\dimen178
\pgf@xa=\dimen179
\pgf@ya=\dimen180
\pgf@xb=\dimen181
\pgf@yb=\dimen182
\pgf@xc=\dimen183
\pgf@yc=\dimen184
\pgf@xd=\dimen185
\pgf@yd=\dimen186
\w@pgf@writea=\write3
\r@pgf@reada=\read2
\c@pgf@counta=\count289
\c@pgf@countb=\count290
\c@pgf@countc=\count291
\c@pgf@countd=\count292
\t@pgf@toka=\toks26
\t@pgf@tokb=\toks27
\t@pgf@tokc=\toks28
\pgf@sys@id@count=\count293
 (/usr/local/texlive/2024/texmf-dist/tex/generic/pgf/systemlayer/pgf.cfg
File: pgf.cfg 2023-01-15 v3.1.10 (3.1.10)
)
Driver file for pgf: pgfsys-pdftex.def
 (/usr/local/texlive/2024/texmf-dist/tex/generic/pgf/systemlayer/pgfsys-pdftex.def
File: pgfsys-pdftex.def 2023-01-15 v3.1.10 (3.1.10)
 (/usr/local/texlive/2024/texmf-dist/tex/generic/pgf/systemlayer/pgfsys-common-pdf.def
File: pgfsys-common-pdf.def 2023-01-15 v3.1.10 (3.1.10)
))) (/usr/local/texlive/2024/texmf-dist/tex/generic/pgf/systemlayer/pgfsyssoftpath.code.tex
File: pgfsyssoftpath.code.tex 2023-01-15 v3.1.10 (3.1.10)
\pgfsyssoftpath@smallbuffer@items=\count294
\pgfsyssoftpath@bigbuffer@items=\count295
) (/usr/local/texlive/2024/texmf-dist/tex/generic/pgf/systemlayer/pgfsysprotocol.code.tex
File: pgfsysprotocol.code.tex 2023-01-15 v3.1.10 (3.1.10)
)) (/usr/local/texlive/2024/texmf-dist/tex/latex/xcolor/xcolor.sty
Package: xcolor 2023/11/15 v3.01 LaTeX color extensions (UK)
 (/usr/local/texlive/2024/texmf-dist/tex/latex/graphics-cfg/color.cfg
File: color.cfg 2016/01/02 v1.6 sample color configuration
)
Package xcolor Info: Driver file: pdftex.def on input line 274.
 (/usr/local/texlive/2024/texmf-dist/tex/latex/graphics/mathcolor.ltx)
Package xcolor Info: Model `cmy' substituted by `cmy0' on input line 1350.
Package xcolor Info: Model `hsb' substituted by `rgb' on input line 1354.
Package xcolor Info: Model `RGB' extended on input line 1366.
Package xcolor Info: Model `HTML' substituted by `rgb' on input line 1368.
Package xcolor Info: Model `Hsb' substituted by `hsb' on input line 1369.
Package xcolor Info: Model `tHsb' substituted by `hsb' on input line 1370.
Package xcolor Info: Model `HSB' substituted by `hsb' on input line 1371.
Package xcolor Info: Model `Gray' substituted by `gray' on input line 1372.
Package xcolor Info: Model `wave' substituted by `hsb' on input line 1373.
) (/usr/local/texlive/2024/texmf-dist/tex/generic/pgf/basiclayer/pgfcore.code.tex
Package: pgfcore 2023-01-15 v3.1.10 (3.1.10)
 (/usr/local/texlive/2024/texmf-dist/tex/generic/pgf/math/pgfint.code.tex) (/usr/local/texlive/2024/texmf-dist/tex/generic/pgf/basiclayer/pgfcorepoints.code.tex
File: pgfcorepoints.code.tex 2023-01-15 v3.1.10 (3.1.10)
\pgf@picminx=\dimen187
\pgf@picmaxx=\dimen188
\pgf@picminy=\dimen189
\pgf@picmaxy=\dimen190
\pgf@pathminx=\dimen191
\pgf@pathmaxx=\dimen192
\pgf@pathminy=\dimen193
\pgf@pathmaxy=\dimen194
\pgf@xx=\dimen195
\pgf@xy=\dimen196
\pgf@yx=\dimen197
\pgf@yy=\dimen198
\pgf@zx=\dimen199
\pgf@zy=\dimen256
) (/usr/local/texlive/2024/texmf-dist/tex/generic/pgf/basiclayer/pgfcorepathconstruct.code.tex
File: pgfcorepathconstruct.code.tex 2023-01-15 v3.1.10 (3.1.10)
\pgf@path@lastx=\dimen257
\pgf@path@lasty=\dimen258
) (/usr/local/texlive/2024/texmf-dist/tex/generic/pgf/basiclayer/pgfcorepathusage.code.tex
File: pgfcorepathusage.code.tex 2023-01-15 v3.1.10 (3.1.10)
\pgf@shorten@end@additional=\dimen259
\pgf@shorten@start@additional=\dimen260
) (/usr/local/texlive/2024/texmf-dist/tex/generic/pgf/basiclayer/pgfcorescopes.code.tex
File: pgfcorescopes.code.tex 2023-01-15 v3.1.10 (3.1.10)
\pgfpic=\box62
\pgf@hbox=\box63
\pgf@layerbox@main=\box64
\pgf@picture@serial@count=\count296
) (/usr/local/texlive/2024/texmf-dist/tex/generic/pgf/basiclayer/pgfcoregraphicstate.code.tex
File: pgfcoregraphicstate.code.tex 2023-01-15 v3.1.10 (3.1.10)
\pgflinewidth=\dimen261
) (/usr/local/texlive/2024/texmf-dist/tex/generic/pgf/basiclayer/pgfcoretransformations.code.tex
File: pgfcoretransformations.code.tex 2023-01-15 v3.1.10 (3.1.10)
\pgf@pt@x=\dimen262
\pgf@pt@y=\dimen263
\pgf@pt@temp=\dimen264
) (/usr/local/texlive/2024/texmf-dist/tex/generic/pgf/basiclayer/pgfcorequick.code.tex
File: pgfcorequick.code.tex 2023-01-15 v3.1.10 (3.1.10)
) (/usr/local/texlive/2024/texmf-dist/tex/generic/pgf/basiclayer/pgfcoreobjects.code.tex
File: pgfcoreobjects.code.tex 2023-01-15 v3.1.10 (3.1.10)
) (/usr/local/texlive/2024/texmf-dist/tex/generic/pgf/basiclayer/pgfcorepathprocessing.code.tex
File: pgfcorepathprocessing.code.tex 2023-01-15 v3.1.10 (3.1.10)
) (/usr/local/texlive/2024/texmf-dist/tex/generic/pgf/basiclayer/pgfcorearrows.code.tex
File: pgfcorearrows.code.tex 2023-01-15 v3.1.10 (3.1.10)
\pgfarrowsep=\dimen265
) (/usr/local/texlive/2024/texmf-dist/tex/generic/pgf/basiclayer/pgfcoreshade.code.tex
File: pgfcoreshade.code.tex 2023-01-15 v3.1.10 (3.1.10)
\pgf@max=\dimen266
\pgf@sys@shading@range@num=\count297
\pgf@shadingcount=\count298
) (/usr/local/texlive/2024/texmf-dist/tex/generic/pgf/basiclayer/pgfcoreimage.code.tex
File: pgfcoreimage.code.tex 2023-01-15 v3.1.10 (3.1.10)
) (/usr/local/texlive/2024/texmf-dist/tex/generic/pgf/basiclayer/pgfcoreexternal.code.tex
File: pgfcoreexternal.code.tex 2023-01-15 v3.1.10 (3.1.10)
\pgfexternal@startupbox=\box65
) (/usr/local/texlive/2024/texmf-dist/tex/generic/pgf/basiclayer/pgfcorelayers.code.tex
File: pgfcorelayers.code.tex 2023-01-15 v3.1.10 (3.1.10)
) (/usr/local/texlive/2024/texmf-dist/tex/generic/pgf/basiclayer/pgfcoretransparency.code.tex
File: pgfcoretransparency.code.tex 2023-01-15 v3.1.10 (3.1.10)
) (/usr/local/texlive/2024/texmf-dist/tex/generic/pgf/basiclayer/pgfcorepatterns.code.tex
File: pgfcorepatterns.code.tex 2023-01-15 v3.1.10 (3.1.10)
) (/usr/local/texlive/2024/texmf-dist/tex/generic/pgf/basiclayer/pgfcorerdf.code.tex
File: pgfcorerdf.code.tex 2023-01-15 v3.1.10 (3.1.10)
))) (/usr/local/texlive/2024/texmf-dist/tex/latex/pgf/utilities/xxcolor.sty
Package: xxcolor 2003/10/24 ver 0.1
\XC@nummixins=\count299
\XC@countmixins=\count300
) (/usr/local/texlive/2024/texmf-dist/tex/latex/base/atbegshi-ltx.sty
Package: atbegshi-ltx 2021/01/10 v1.0c Emulation of the original atbegshi
package with kernel methods
) (/usr/local/texlive/2024/texmf-dist/tex/latex/hyperref/hyperref.sty
Package: hyperref 2024-01-20 v7.01h Hypertext links for LaTeX
 (/usr/local/texlive/2024/texmf-dist/tex/latex/kvsetkeys/kvsetkeys.sty
Package: kvsetkeys 2022-10-05 v1.19 Key value parser (HO)
) (/usr/local/texlive/2024/texmf-dist/tex/generic/kvdefinekeys/kvdefinekeys.sty
Package: kvdefinekeys 2019-12-19 v1.6 Define keys (HO)
) (/usr/local/texlive/2024/texmf-dist/tex/generic/pdfescape/pdfescape.sty
Package: pdfescape 2019/12/09 v1.15 Implements pdfTeX's escape features (HO)
 (/usr/local/texlive/2024/texmf-dist/tex/generic/ltxcmds/ltxcmds.sty
Package: ltxcmds 2023-12-04 v1.26 LaTeX kernel commands for general use (HO)
) (/usr/local/texlive/2024/texmf-dist/tex/generic/pdftexcmds/pdftexcmds.sty
Package: pdftexcmds 2020-06-27 v0.33 Utility functions of pdfTeX for LuaTeX (HO)
 (/usr/local/texlive/2024/texmf-dist/tex/generic/infwarerr/infwarerr.sty
Package: infwarerr 2019/12/03 v1.5 Providing info/warning/error messages (HO)
)
Package pdftexcmds Info: \pdf@primitive is available.
Package pdftexcmds Info: \pdf@ifprimitive is available.
Package pdftexcmds Info: \pdfdraftmode found.
)) (/usr/local/texlive/2024/texmf-dist/tex/latex/hycolor/hycolor.sty
Package: hycolor 2020-01-27 v1.10 Color options for hyperref/bookmark (HO)
) (/usr/local/texlive/2024/texmf-dist/tex/latex/auxhook/auxhook.sty
Package: auxhook 2019-12-17 v1.6 Hooks for auxiliary files (HO)
) (/usr/local/texlive/2024/texmf-dist/tex/latex/hyperref/nameref.sty
Package: nameref 2023-11-26 v2.56 Cross-referencing by name of section
 (/usr/local/texlive/2024/texmf-dist/tex/latex/refcount/refcount.sty
Package: refcount 2019/12/15 v3.6 Data extraction from label references (HO)
) (/usr/local/texlive/2024/texmf-dist/tex/generic/gettitlestring/gettitlestring.sty
Package: gettitlestring 2019/12/15 v1.6 Cleanup title references (HO)
 (/usr/local/texlive/2024/texmf-dist/tex/latex/kvoptions/kvoptions.sty
Package: kvoptions 2022-06-15 v3.15 Key value format for package options (HO)
))
\c@section@level=\count301
)
\@linkdim=\dimen267
\Hy@linkcounter=\count302
\Hy@pagecounter=\count303
 (/usr/local/texlive/2024/texmf-dist/tex/latex/hyperref/pd1enc.def
File: pd1enc.def 2024-01-20 v7.01h Hyperref: PDFDocEncoding definition (HO)
Now handling font encoding PD1 ...
... no UTF-8 mapping file for font encoding PD1
) (/usr/local/texlive/2024/texmf-dist/tex/generic/intcalc/intcalc.sty
Package: intcalc 2019/12/15 v1.3 Expandable calculations with integers (HO)
)
\Hy@SavedSpaceFactor=\count304
 (/usr/local/texlive/2024/texmf-dist/tex/latex/hyperref/puenc.def
File: puenc.def 2024-01-20 v7.01h Hyperref: PDF Unicode definition (HO)
Now handling font encoding PU ...
... no UTF-8 mapping file for font encoding PU
)
Package hyperref Info: Option `bookmarks' set `true' on input line 4062.
Package hyperref Info: Option `bookmarksopen' set `true' on input line 4062.
Package hyperref Info: Option `implicit' set `false' on input line 4062.
Package hyperref Info: Hyper figures OFF on input line 4179.
Package hyperref Info: Link nesting OFF on input line 4184.
Package hyperref Info: Hyper index ON on input line 4187.
Package hyperref Info: Plain pages OFF on input line 4194.
Package hyperref Info: Backreferencing OFF on input line 4199.
Package hyperref Info: Implicit mode OFF; no redefinition of LaTeX internals.
Package hyperref Info: Bookmarks ON on input line 4446.
\c@Hy@tempcnt=\count305
 (/usr/local/texlive/2024/texmf-dist/tex/latex/url/url.sty
\Urlmuskip=\muskip16
Package: url 2013/09/16  ver 3.4  Verb mode for urls, etc.
)
LaTeX Info: Redefining \url on input line 4784.
\XeTeXLinkMargin=\dimen268
 (/usr/local/texlive/2024/texmf-dist/tex/generic/bitset/bitset.sty
Package: bitset 2019/12/09 v1.3 Handle bit-vector datatype (HO)
 (/usr/local/texlive/2024/texmf-dist/tex/generic/bigintcalc/bigintcalc.sty
Package: bigintcalc 2019/12/15 v1.5 Expandable calculations on big integers (HO)
))
\Fld@menulength=\count306
\Field@Width=\dimen269
\Fld@charsize=\dimen270
Package hyperref Info: Hyper figures OFF on input line 6063.
Package hyperref Info: Link nesting OFF on input line 6068.
Package hyperref Info: Hyper index ON on input line 6071.
Package hyperref Info: backreferencing OFF on input line 6078.
Package hyperref Info: Link coloring OFF on input line 6083.
Package hyperref Info: Link coloring with OCG OFF on input line 6088.
Package hyperref Info: PDF/A mode OFF on input line 6093.
\Hy@abspage=\count307


Package hyperref Message: Stopped early.

)
Package hyperref Info: Driver (autodetected): hpdftex.
 (/usr/local/texlive/2024/texmf-dist/tex/latex/hyperref/hpdftex.def
File: hpdftex.def 2024-01-20 v7.01h Hyperref driver for pdfTeX
 (/usr/local/texlive/2024/texmf-dist/tex/latex/base/atveryend-ltx.sty
Package: atveryend-ltx 2020/08/19 v1.0a Emulation of the original atveryend package
with kernel methods
)
\Fld@listcount=\count308
\c@bookmark@seq@number=\count309
 (/usr/local/texlive/2024/texmf-dist/tex/latex/rerunfilecheck/rerunfilecheck.sty
Package: rerunfilecheck 2022-07-10 v1.10 Rerun checks for auxiliary files (HO)
 (/usr/local/texlive/2024/texmf-dist/tex/generic/uniquecounter/uniquecounter.sty
Package: uniquecounter 2019/12/15 v1.4 Provide unlimited unique counter (HO)
)
Package uniquecounter Info: New unique counter `rerunfilecheck' on input line 285.
)) (/usr/local/texlive/2024/texmf-dist/tex/latex/beamer/beamerbaserequires.sty (/usr/local/texlive/2024/texmf-dist/tex/latex/beamer/beamerbasecompatibility.sty) (/usr/local/texlive/2024/texmf-dist/tex/latex/beamer/beamerbasefont.sty (/usr/local/texlive/2024/texmf-dist/tex/latex/amsfonts/amssymb.sty
Package: amssymb 2013/01/14 v3.01 AMS font symbols
 (/usr/local/texlive/2024/texmf-dist/tex/latex/amsfonts/amsfonts.sty
Package: amsfonts 2013/01/14 v3.01 Basic AMSFonts support
\@emptytoks=\toks29
\symAMSa=\mathgroup4
\symAMSb=\mathgroup5
LaTeX Font Info:    Redeclaring math symbol \hbar on input line 98.
LaTeX Font Info:    Overwriting math alphabet `\mathfrak' in version `bold'
(Font)                  U/euf/m/n --> U/euf/b/n on input line 106.
)) (/usr/local/texlive/2024/texmf-dist/tex/latex/sansmathaccent/sansmathaccent.sty
Package: sansmathaccent 2020/01/31
 (/usr/local/texlive/2024/texmf-dist/tex/latex/koma-script/scrlfile.sty
Package: scrlfile 2023/07/07 v3.41 KOMA-Script package (file load hooks)
 (/usr/local/texlive/2024/texmf-dist/tex/latex/koma-script/scrlfile-hook.sty
Package: scrlfile-hook 2023/07/07 v3.41 KOMA-Script package (using LaTeX hooks)
 (/usr/local/texlive/2024/texmf-dist/tex/latex/koma-script/scrlogo.sty
Package: scrlogo 2023/07/07 v3.41 KOMA-Script package (logo)
))))) (/usr/local/texlive/2024/texmf-dist/tex/latex/beamer/beamerbasetranslator.sty (/usr/local/texlive/2024/texmf-dist/tex/latex/translator/translator.sty
Package: translator 2021-05-31 v1.12d Easy translation of strings in LaTeX
)) (/usr/local/texlive/2024/texmf-dist/tex/latex/beamer/beamerbasemisc.sty) (/usr/local/texlive/2024/texmf-dist/tex/latex/beamer/beamerbasetwoscreens.sty) (/usr/local/texlive/2024/texmf-dist/tex/latex/beamer/beamerbaseoverlay.sty
\beamer@argscount=\count310
\beamer@lastskipcover=\skip51
\beamer@trivlistdepth=\count311
) (/usr/local/texlive/2024/texmf-dist/tex/latex/beamer/beamerbasetitle.sty) (/usr/local/texlive/2024/texmf-dist/tex/latex/beamer/beamerbasesection.sty
\c@lecture=\count312
\c@part=\count313
\c@section=\count314
\c@subsection=\count315
\c@subsubsection=\count316
) (/usr/local/texlive/2024/texmf-dist/tex/latex/beamer/beamerbaseframe.sty
\beamer@framebox=\box66
\beamer@frametitlebox=\box67
\beamer@zoombox=\box68
\beamer@zoomcount=\count317
\beamer@zoomframecount=\count318
\beamer@frametextheight=\dimen271
\c@subsectionslide=\count319
\beamer@frametopskip=\skip52
\beamer@framebottomskip=\skip53
\beamer@frametopskipautobreak=\skip54
\beamer@framebottomskipautobreak=\skip55
\beamer@envbody=\toks30
\framewidth=\dimen272
\c@framenumber=\count320
) (/usr/local/texlive/2024/texmf-dist/tex/latex/beamer/beamerbaseverbatim.sty
\beamer@verbatimfileout=\write4
) (/usr/local/texlive/2024/texmf-dist/tex/latex/beamer/beamerbaseframesize.sty
\beamer@splitbox=\box69
\beamer@autobreakcount=\count321
\beamer@autobreaklastheight=\dimen273
\beamer@frametitletoks=\toks31
\beamer@framesubtitletoks=\toks32
) (/usr/local/texlive/2024/texmf-dist/tex/latex/beamer/beamerbaseframecomponents.sty
\beamer@footins=\box70
) (/usr/local/texlive/2024/texmf-dist/tex/latex/beamer/beamerbasecolor.sty) (/usr/local/texlive/2024/texmf-dist/tex/latex/beamer/beamerbasenotes.sty
\beamer@frameboxcopy=\box71
) (/usr/local/texlive/2024/texmf-dist/tex/latex/beamer/beamerbasetoc.sty) (/usr/local/texlive/2024/texmf-dist/tex/latex/beamer/beamerbasetemplates.sty
\beamer@sbttoks=\toks33
 (/usr/local/texlive/2024/texmf-dist/tex/latex/beamer/beamerbaseauxtemplates.sty (/usr/local/texlive/2024/texmf-dist/tex/latex/beamer/beamerbaseboxes.sty
\bmb@box=\box72
\bmb@colorbox=\box73
\bmb@boxwidth=\dimen274
\bmb@boxheight=\dimen275
\bmb@prevheight=\dimen276
\bmb@temp=\dimen277
\bmb@dima=\dimen278
\bmb@dimb=\dimen279
\bmb@prevheight=\dimen280
)
\beamer@blockheadheight=\dimen281
)) (/usr/local/texlive/2024/texmf-dist/tex/latex/beamer/beamerbaselocalstructure.sty (/usr/local/texlive/2024/texmf-dist/tex/latex/tools/enumerate.sty
Package: enumerate 2023/07/04 v3.00 enumerate extensions (DPC)
\@enLab=\toks34
)
\beamer@bibiconwidth=\skip56
\c@figure=\count322
\c@table=\count323
\abovecaptionskip=\skip57
\belowcaptionskip=\skip58
) (/usr/local/texlive/2024/texmf-dist/tex/latex/beamer/beamerbasenavigation.sty (/usr/local/texlive/2024/texmf-dist/tex/latex/beamer/beamerbasenavigationsymbols.tex)
\beamer@section@min@dim=\dimen282
) (/usr/local/texlive/2024/texmf-dist/tex/latex/beamer/beamerbasetheorems.sty (/usr/local/texlive/2024/texmf-dist/tex/latex/amsmath/amsmath.sty
Package: amsmath 2023/05/13 v2.17o AMS math features
\@mathmargin=\skip59

For additional information on amsmath, use the `?' option.
(/usr/local/texlive/2024/texmf-dist/tex/latex/amsmath/amstext.sty
Package: amstext 2021/08/26 v2.01 AMS text
 (/usr/local/texlive/2024/texmf-dist/tex/latex/amsmath/amsgen.sty
File: amsgen.sty 1999/11/30 v2.0 generic functions
\@emptytoks=\toks35
\ex@=\dimen283
)) (/usr/local/texlive/2024/texmf-dist/tex/latex/amsmath/amsbsy.sty
Package: amsbsy 1999/11/29 v1.2d Bold Symbols
\pmbraise@=\dimen284
) (/usr/local/texlive/2024/texmf-dist/tex/latex/amsmath/amsopn.sty
Package: amsopn 2022/04/08 v2.04 operator names
)
\inf@bad=\count324
LaTeX Info: Redefining \frac on input line 234.
\uproot@=\count325
\leftroot@=\count326
LaTeX Info: Redefining \overline on input line 399.
LaTeX Info: Redefining \colon on input line 410.
\classnum@=\count327
\DOTSCASE@=\count328
LaTeX Info: Redefining \ldots on input line 496.
LaTeX Info: Redefining \dots on input line 499.
LaTeX Info: Redefining \cdots on input line 620.
\Mathstrutbox@=\box74
\strutbox@=\box75
LaTeX Info: Redefining \big on input line 722.
LaTeX Info: Redefining \Big on input line 723.
LaTeX Info: Redefining \bigg on input line 724.
LaTeX Info: Redefining \Bigg on input line 725.
\big@size=\dimen285
LaTeX Font Info:    Redeclaring font encoding OML on input line 743.
LaTeX Font Info:    Redeclaring font encoding OMS on input line 744.
\macc@depth=\count329
LaTeX Info: Redefining \bmod on input line 905.
LaTeX Info: Redefining \pmod on input line 910.
LaTeX Info: Redefining \smash on input line 940.
LaTeX Info: Redefining \relbar on input line 970.
LaTeX Info: Redefining \Relbar on input line 971.
\c@MaxMatrixCols=\count330
\dotsspace@=\muskip17
\c@parentequation=\count331
\dspbrk@lvl=\count332
\tag@help=\toks36
\row@=\count333
\column@=\count334
\maxfields@=\count335
\andhelp@=\toks37
\eqnshift@=\dimen286
\alignsep@=\dimen287
\tagshift@=\dimen288
\tagwidth@=\dimen289
\totwidth@=\dimen290
\lineht@=\dimen291
\@envbody=\toks38
\multlinegap=\skip60
\multlinetaggap=\skip61
\mathdisplay@stack=\toks39
LaTeX Info: Redefining \[ on input line 2953.
LaTeX Info: Redefining \] on input line 2954.
) (/usr/local/texlive/2024/texmf-dist/tex/latex/amscls/amsthm.sty
Package: amsthm 2020/05/29 v2.20.6
\thm@style=\toks40
\thm@bodyfont=\toks41
\thm@headfont=\toks42
\thm@notefont=\toks43
\thm@headpunct=\toks44
\thm@preskip=\skip62
\thm@postskip=\skip63
\thm@headsep=\skip64
\dth@everypar=\toks45
)
\c@theorem=\count336
) (/usr/local/texlive/2024/texmf-dist/tex/latex/beamer/beamerbasethemes.sty)) (/usr/local/texlive/2024/texmf-dist/tex/latex/beamer/beamerthemedefault.sty (/usr/local/texlive/2024/texmf-dist/tex/latex/beamer/beamerfontthemedefault.sty) (/usr/local/texlive/2024/texmf-dist/tex/latex/beamer/beamercolorthemedefault.sty) (/usr/local/texlive/2024/texmf-dist/tex/latex/beamer/beamerinnerthemedefault.sty
\beamer@dima=\dimen292
\beamer@dimb=\dimen293
) (/usr/local/texlive/2024/texmf-dist/tex/latex/beamer/beamerouterthemedefault.sty))) (/usr/local/texlive/2024/texmf-dist/tex/latex/psnfss/helvet.sty
Package: helvet 2020/03/25 PSNFSS-v9.3 (WaS) 
) (/usr/local/texlive/2024/texmf-dist/tex/latex/base/fontenc.sty
Package: fontenc 2021/04/29 v2.0v Standard LaTeX package
LaTeX Font Info:    Trying to load font information for T1+phv on input line 112.
 (/usr/local/texlive/2024/texmf-dist/tex/latex/psnfss/t1phv.fd
File: t1phv.fd 2020/03/25 scalable font definitions for T1/phv.
)) (/usr/local/texlive/2024/texmf-dist/tex/latex/base/inputenc.sty
Package: inputenc 2021/02/14 v1.3d Input encoding file
\inpenc@prehook=\toks46
\inpenc@posthook=\toks47
) (/usr/local/texlive/2024/texmf-dist/tex/generic/babel/babel.sty
Package: babel 2024/02/07 v24.2 The Babel package
\babel@savecnt=\count337
\U@D=\dimen294
\l@unhyphenated=\language89
 (/usr/local/texlive/2024/texmf-dist/tex/generic/babel/txtbabel.def)
\bbl@readstream=\read3
LaTeX Info: Redefining \textlatin on input line 3919.
\bbl@dirlevel=\count338
 (/usr/local/texlive/2024/texmf-dist/tex/generic/babel-english/english.ldf
Language: english 2017/06/06 v3.3r English support from the babel system
Package babel Info: Hyphen rules for 'canadian' set to \l@english
(babel)             (\language0). Reported on input line 102.
Package babel Info: Hyphen rules for 'australian' set to \l@ukenglish
(babel)             (\language23). Reported on input line 105.
Package babel Info: Hyphen rules for 'newzealand' set to \l@ukenglish
(babel)             (\language23). Reported on input line 108.
)) (/usr/local/texlive/2024/texmf-dist/tex/generic/babel/locale/en/babel-english.tex
Package babel Info: Importing font and identification data for english
(babel)             from babel-en.ini. Reported on input line 11.
)
Package hyperref Info: Option `unicode' set `true' on input line 15.
Package hyperref Info: Option `breaklinks' set `false' on input line 15.
Package hyperref Info: Option `colorlinks' set `true' on input line 15.
 (/usr/local/texlive/2024/texmf-dist/tex/latex/base/ifthen.sty
Package: ifthen 2022/04/13 v1.1d Standard LaTeX ifthen package (DPC)
) (/usr/local/texlive/2024/texmf-dist/tex/latex/multirow/multirow.sty
Package: multirow 2021/03/15 v2.8 Span multiple rows of a table
\multirow@colwidth=\skip65
\multirow@cntb=\count339
\multirow@dima=\skip66
\bigstrutjot=\dimen295
) (/usr/local/texlive/2024/texmf-dist/tex/latex/multirow/bigstrut.sty
Package: bigstrut 2021/03/15 v2.8 Provide larger struts in tabulars
) (/usr/local/texlive/2024/texmf-dist/tex/latex/pgf/frontendlayer/tikz.sty (/usr/local/texlive/2024/texmf-dist/tex/latex/pgf/basiclayer/pgf.sty
Package: pgf 2023-01-15 v3.1.10 (3.1.10)
 (/usr/local/texlive/2024/texmf-dist/tex/generic/pgf/modules/pgfmoduleshapes.code.tex
File: pgfmoduleshapes.code.tex 2023-01-15 v3.1.10 (3.1.10)
\pgfnodeparttextbox=\box76
) (/usr/local/texlive/2024/texmf-dist/tex/generic/pgf/modules/pgfmoduleplot.code.tex
File: pgfmoduleplot.code.tex 2023-01-15 v3.1.10 (3.1.10)
) (/usr/local/texlive/2024/texmf-dist/tex/latex/pgf/compatibility/pgfcomp-version-0-65.sty
Package: pgfcomp-version-0-65 2023-01-15 v3.1.10 (3.1.10)
\pgf@nodesepstart=\dimen296
\pgf@nodesepend=\dimen297
) (/usr/local/texlive/2024/texmf-dist/tex/latex/pgf/compatibility/pgfcomp-version-1-18.sty
Package: pgfcomp-version-1-18 2023-01-15 v3.1.10 (3.1.10)
)) (/usr/local/texlive/2024/texmf-dist/tex/latex/pgf/utilities/pgffor.sty (/usr/local/texlive/2024/texmf-dist/tex/generic/pgf/utilities/pgffor.code.tex
Package: pgffor 2023-01-15 v3.1.10 (3.1.10)
\pgffor@iter=\dimen298
\pgffor@skip=\dimen299
\pgffor@stack=\toks48
\pgffor@toks=\toks49
)) (/usr/local/texlive/2024/texmf-dist/tex/generic/pgf/frontendlayer/tikz/tikz.code.tex
Package: tikz 2023-01-15 v3.1.10 (3.1.10)
 (/usr/local/texlive/2024/texmf-dist/tex/generic/pgf/libraries/pgflibraryplothandlers.code.tex
File: pgflibraryplothandlers.code.tex 2023-01-15 v3.1.10 (3.1.10)
\pgf@plot@mark@count=\count340
\pgfplotmarksize=\dimen300
)
\tikz@lastx=\dimen301
\tikz@lasty=\dimen302
\tikz@lastxsaved=\dimen303
\tikz@lastysaved=\dimen304
\tikz@lastmovetox=\dimen305
\tikz@lastmovetoy=\dimen306
\tikzleveldistance=\dimen307
\tikzsiblingdistance=\dimen308
\tikz@figbox=\box77
\tikz@figbox@bg=\box78
\tikz@tempbox=\box79
\tikz@tempbox@bg=\box80
\tikztreelevel=\count341
\tikznumberofchildren=\count342
\tikznumberofcurrentchild=\count343
\tikz@fig@count=\count344
 (/usr/local/texlive/2024/texmf-dist/tex/generic/pgf/modules/pgfmodulematrix.code.tex
File: pgfmodulematrix.code.tex 2023-01-15 v3.1.10 (3.1.10)
\pgfmatrixcurrentrow=\count345
\pgfmatrixcurrentcolumn=\count346
\pgf@matrix@numberofcolumns=\count347
)
\tikz@expandcount=\count348
 (/usr/local/texlive/2024/texmf-dist/tex/generic/pgf/frontendlayer/tikz/libraries/tikzlibrarytopaths.code.tex
File: tikzlibrarytopaths.code.tex 2023-01-15 v3.1.10 (3.1.10)
))) (/usr/local/texlive/2024/texmf-dist/tex/generic/pgf/frontendlayer/tikz/libraries/tikzlibrarypatterns.code.tex
File: tikzlibrarypatterns.code.tex 2023-01-15 v3.1.10 (3.1.10)
 (/usr/local/texlive/2024/texmf-dist/tex/generic/pgf/libraries/pgflibrarypatterns.code.tex
File: pgflibrarypatterns.code.tex 2023-01-15 v3.1.10 (3.1.10)
)) (/usr/local/texlive/2024/texmf-dist/tex/generic/pgf/frontendlayer/tikz/libraries/tikzlibrarydecorations.pathreplacing.code.tex (/usr/local/texlive/2024/texmf-dist/tex/generic/pgf/frontendlayer/tikz/libraries/tikzlibrarydecorations.code.tex (/usr/local/texlive/2024/texmf-dist/tex/generic/pgf/modules/pgfmoduledecorations.code.tex
\pgfdecoratedcompleteddistance=\dimen309
\pgfdecoratedremainingdistance=\dimen310
\pgfdecoratedinputsegmentcompleteddistance=\dimen311
\pgfdecoratedinputsegmentremainingdistance=\dimen312
\pgf@decorate@distancetomove=\dimen313
\pgf@decorate@repeatstate=\count349
\pgfdecorationsegmentamplitude=\dimen314
\pgfdecorationsegmentlength=\dimen315
)
\tikz@lib@dec@box=\box81
) (/usr/local/texlive/2024/texmf-dist/tex/generic/pgf/libraries/decorations/pgflibrarydecorations.pathreplacing.code.tex)) (/usr/local/texlive/2024/texmf-dist/tex/generic/pgf/frontendlayer/tikz/libraries/tikzlibraryshapes.code.tex
File: tikzlibraryshapes.code.tex 2023-01-15 v3.1.10 (3.1.10)
 (/usr/local/texlive/2024/texmf-dist/tex/generic/pgf/frontendlayer/tikz/libraries/tikzlibraryshapes.geometric.code.tex
File: tikzlibraryshapes.geometric.code.tex 2023-01-15 v3.1.10 (3.1.10)
 (/usr/local/texlive/2024/texmf-dist/tex/generic/pgf/libraries/shapes/pgflibraryshapes.geometric.code.tex
File: pgflibraryshapes.geometric.code.tex 2023-01-15 v3.1.10 (3.1.10)
)) (/usr/local/texlive/2024/texmf-dist/tex/generic/pgf/frontendlayer/tikz/libraries/tikzlibraryshapes.misc.code.tex
File: tikzlibraryshapes.misc.code.tex 2023-01-15 v3.1.10 (3.1.10)
 (/usr/local/texlive/2024/texmf-dist/tex/generic/pgf/libraries/shapes/pgflibraryshapes.misc.code.tex
File: pgflibraryshapes.misc.code.tex 2023-01-15 v3.1.10 (3.1.10)
)) (/usr/local/texlive/2024/texmf-dist/tex/generic/pgf/frontendlayer/tikz/libraries/tikzlibraryshapes.symbols.code.tex
File: tikzlibraryshapes.symbols.code.tex 2023-01-15 v3.1.10 (3.1.10)
 (/usr/local/texlive/2024/texmf-dist/tex/generic/pgf/libraries/shapes/pgflibraryshapes.symbols.code.tex
File: pgflibraryshapes.symbols.code.tex 2023-01-15 v3.1.10 (3.1.10)
)) (/usr/local/texlive/2024/texmf-dist/tex/generic/pgf/frontendlayer/tikz/libraries/tikzlibraryshapes.arrows.code.tex
File: tikzlibraryshapes.arrows.code.tex 2023-01-15 v3.1.10 (3.1.10)
 (/usr/local/texlive/2024/texmf-dist/tex/generic/pgf/libraries/shapes/pgflibraryshapes.arrows.code.tex
File: pgflibraryshapes.arrows.code.tex 2023-01-15 v3.1.10 (3.1.10)
)) (/usr/local/texlive/2024/texmf-dist/tex/generic/pgf/frontendlayer/tikz/libraries/tikzlibraryshapes.callouts.code.tex (/usr/local/texlive/2024/texmf-dist/tex/generic/pgf/libraries/shapes/pgflibraryshapes.callouts.code.tex)) (/usr/local/texlive/2024/texmf-dist/tex/generic/pgf/frontendlayer/tikz/libraries/tikzlibraryshapes.multipart.code.tex
File: tikzlibraryshapes.multipart.code.tex 2023-01-15 v3.1.10 (3.1.10)
 (/usr/local/texlive/2024/texmf-dist/tex/generic/pgf/libraries/shapes/pgflibraryshapes.multipart.code.tex
File: pgflibraryshapes.multipart.code.tex 2023-01-15 v3.1.10 (3.1.10)
\pgfnodepartlowerbox=\box82
\pgfnodeparttwobox=\box83
\pgfnodepartthreebox=\box84
\pgfnodepartfourbox=\box85
\pgfnodeparttwentybox=\box86
\pgfnodepartnineteenbox=\box87
\pgfnodeparteighteenbox=\box88
\pgfnodepartseventeenbox=\box89
\pgfnodepartsixteenbox=\box90
\pgfnodepartfifteenbox=\box91
\pgfnodepartfourteenbox=\box92
\pgfnodepartthirteenbox=\box93
\pgfnodeparttwelvebox=\box94
\pgfnodepartelevenbox=\box95
\pgfnodeparttenbox=\box96
\pgfnodepartninebox=\box97
\pgfnodeparteightbox=\box98
\pgfnodepartsevenbox=\box99
\pgfnodepartsixbox=\box100
\pgfnodepartfivebox=\box101
))) (/usr/local/texlive/2024/texmf-dist/tex/generic/pgf/frontendlayer/tikz/libraries/tikzlibraryarrows.code.tex
File: tikzlibraryarrows.code.tex 2023-01-15 v3.1.10 (3.1.10)
 (/usr/local/texlive/2024/texmf-dist/tex/generic/pgf/libraries/pgflibraryarrows.code.tex
File: pgflibraryarrows.code.tex 2023-01-15 v3.1.10 (3.1.10)
\arrowsize=\dimen316
)) (/usr/local/texlive/2024/texmf-dist/tex/latex/graphics/rotating.sty
Package: rotating 2016/08/11 v2.16d rotated objects in LaTeX
\c@r@tfl@t=\count350
\rotFPtop=\skip67
\rotFPbot=\skip68
\rot@float@box=\box102
\rot@mess@toks=\toks50
) (/usr/local/texlive/2024/texmf-dist/tex/latex/pdflscape/pdflscape.sty
Package: pdflscape 2022-10-27 v0.13 Display of landscape pages in PDF
 (/usr/local/texlive/2024/texmf-dist/tex/latex/pdflscape/pdflscape-nometadata.sty
Package: pdflscape-nometadata 2022-10-28 v0.13 Display of landscape pages in PDF (HO)
 (/usr/local/texlive/2024/texmf-dist/tex/latex/graphics/lscape.sty
Package: lscape 2020/05/28 v3.02 Landscape Pages (DPC)
)
Package pdflscape Info: Auto-detected driver: pdftex on input line 81.
)) (/usr/local/texlive/2024/texmf-dist/tex/latex/makecell/makecell.sty
Package: makecell 2009/08/03 V0.1e Managing of Tab Column Heads and Cells
 (/usr/local/texlive/2024/texmf-dist/tex/latex/tools/array.sty
Package: array 2023/10/16 v2.5g Tabular extension package (FMi)
\col@sep=\dimen317
\ar@mcellbox=\box103
\extrarowheight=\dimen318
\NC@list=\toks51
\extratabsurround=\skip69
\backup@length=\skip70
\ar@cellbox=\box104
)
\rotheadsize=\dimen319
\c@nlinenum=\count351
\TeXr@lab=\toks52
) (/usr/local/texlive/2024/texmf-dist/tex/latex/booktabs/booktabs.sty
Package: booktabs 2020/01/12 v1.61803398 Publication quality tables
\heavyrulewidth=\dimen320
\lightrulewidth=\dimen321
\cmidrulewidth=\dimen322
\belowrulesep=\dimen323
\belowbottomsep=\dimen324
\aboverulesep=\dimen325
\abovetopsep=\dimen326
\cmidrulesep=\dimen327
\cmidrulekern=\dimen328
\defaultaddspace=\dimen329
\@cmidla=\count352
\@cmidlb=\count353
\@aboverulesep=\dimen330
\@belowrulesep=\dimen331
\@thisruleclass=\count354
\@lastruleclass=\count355
\@thisrulewidth=\dimen332
) (/usr/local/texlive/2024/texmf-dist/tex/latex/beamer/beamerfontthemeprofessionalfonts.sty) (/usr/local/texlive/2024/texmf-dist/tex/latex/beamer/beamercolorthemestructure.sty) (/usr/local/texlive/2024/texmf-dist/tex/latex/l3backend/l3backend-pdftex.def
File: l3backend-pdftex.def 2024-02-20 L3 backend support: PDF output (pdfTeX)
\l__color_backend_stack_int=\count356
\l__pdf_internal_box=\box105
) (./Slides_Week05.aux)
\openout1 = `Slides_Week05.aux'.

LaTeX Font Info:    Checking defaults for OML/cmm/m/it on input line 104.
LaTeX Font Info:    ... okay on input line 104.
LaTeX Font Info:    Checking defaults for OMS/cmsy/m/n on input line 104.
LaTeX Font Info:    ... okay on input line 104.
LaTeX Font Info:    Checking defaults for OT1/cmr/m/n on input line 104.
LaTeX Font Info:    ... okay on input line 104.
LaTeX Font Info:    Checking defaults for T1/cmr/m/n on input line 104.
LaTeX Font Info:    ... okay on input line 104.
LaTeX Font Info:    Checking defaults for TS1/cmr/m/n on input line 104.
LaTeX Font Info:    ... okay on input line 104.
LaTeX Font Info:    Checking defaults for OMX/cmex/m/n on input line 104.
LaTeX Font Info:    ... okay on input line 104.
LaTeX Font Info:    Checking defaults for U/cmr/m/n on input line 104.
LaTeX Font Info:    ... okay on input line 104.
LaTeX Font Info:    Checking defaults for PD1/pdf/m/n on input line 104.
LaTeX Font Info:    ... okay on input line 104.
LaTeX Font Info:    Checking defaults for PU/pdf/m/n on input line 104.
LaTeX Font Info:    ... okay on input line 104.

*geometry* driver: auto-detecting
*geometry* detected driver: pdftex
*geometry* verbose mode - [ preamble ] result:
* driver: pdftex
* paper: custom
* layout: <same size as paper>
* layoutoffset:(h,v)=(0.0pt,0.0pt)
* modes: includehead includefoot 
* h-part:(L,W,R)=(10.03754pt, 416.7538pt, 28.45274pt)
* v-part:(T,H,B)=(0.0pt, 256.0748pt, 0.0pt)
* \paperwidth=455.24408pt
* \paperheight=256.0748pt
* \textwidth=416.7538pt
* \textheight=227.62207pt
* \oddsidemargin=-62.23245pt
* \evensidemargin=-62.23245pt
* \topmargin=-72.26999pt
* \headheight=14.22636pt
* \headsep=0.0pt
* \topskip=11.0pt
* \footskip=14.22636pt
* \marginparwidth=4.0pt
* \marginparsep=10.0pt
* \columnsep=10.0pt
* \skip\footins=10.0pt plus 4.0pt minus 2.0pt
* \hoffset=0.0pt
* \voffset=0.0pt
* \mag=1000
* \@twocolumnfalse
* \@twosidefalse
* \@mparswitchfalse
* \@reversemarginfalse
* (1in=72.27pt=25.4mm, 1cm=28.453pt)

(/usr/local/texlive/2024/texmf-dist/tex/context/base/mkii/supp-pdf.mkii
[Loading MPS to PDF converter (version 2006.09.02).]
\scratchcounter=\count357
\scratchdimen=\dimen333
\scratchbox=\box106
\nofMPsegments=\count358
\nofMParguments=\count359
\everyMPshowfont=\toks53
\MPscratchCnt=\count360
\MPscratchDim=\dimen334
\MPnumerator=\count361
\makeMPintoPDFobject=\count362
\everyMPtoPDFconversion=\toks54
) (/usr/local/texlive/2024/texmf-dist/tex/latex/epstopdf-pkg/epstopdf-base.sty
Package: epstopdf-base 2020-01-24 v2.11 Base part for package epstopdf
Package epstopdf-base Info: Redefining graphics rule for `.eps' on input line 485.
 (/usr/local/texlive/2024/texmf-dist/tex/latex/latexconfig/epstopdf-sys.cfg
File: epstopdf-sys.cfg 2010/07/13 v1.3 Configuration of (r)epstopdf for TeX Live
))
Package hyperref Info: Link coloring ON on input line 104.
 (./Slides_Week05.out) (./Slides_Week05.out)
\@outlinefile=\write5
\openout5 = `Slides_Week05.out'.

 (/usr/local/texlive/2024/texmf-dist/tex/latex/translator/translator-basic-dictionary-English.dict
Dictionary: translator-basic-dictionary, Language: English 
) (/usr/local/texlive/2024/texmf-dist/tex/latex/translator/translator-bibliography-dictionary-English.dict
Dictionary: translator-bibliography-dictionary, Language: English 
) (/usr/local/texlive/2024/texmf-dist/tex/latex/translator/translator-environment-dictionary-English.dict
Dictionary: translator-environment-dictionary, Language: English 
) (/usr/local/texlive/2024/texmf-dist/tex/latex/translator/translator-months-dictionary-English.dict
Dictionary: translator-months-dictionary, Language: English 
) (/usr/local/texlive/2024/texmf-dist/tex/latex/translator/translator-numbers-dictionary-English.dict
Dictionary: translator-numbers-dictionary, Language: English 
) (/usr/local/texlive/2024/texmf-dist/tex/latex/translator/translator-theorem-dictionary-English.dict
Dictionary: translator-theorem-dictionary, Language: English 
) (./Slides_Week05.nav)
Overfull \hbox (124.78648pt too wide) detected at line 104
 [] [] [] [] [] [] 
 []


Overfull \hbox (6.21786pt too wide) in paragraph at lines 104--104
[][]  
 []


Package hyperref Warning: Option `pdfauthor' has already been used,
(hyperref)                setting the option has no effect on input line 107.


Overfull \hbox (124.78648pt too wide) detected at line 110
 [] [] [] [] [] [] 
 []


Overfull \hbox (6.21786pt too wide) in paragraph at lines 110--110
[][]  
 []

LaTeX Font Info:    Font shape `T1/phv/m/it' in size <14.4> not available
(Font)              Font shape `T1/phv/m/sl' tried instead on input line 110.

Overfull \hbox (124.78648pt too wide) has occurred while \output is active
 [] [] [] [] [] [] 
 []


Overfull \hbox (6.21786pt too wide) has occurred while \output is active
[][] 
 []

[1

{/usr/local/texlive/2024/texmf-var/fonts/map/pdftex/updmap/pdftex.map}{/usr/local/texlive/2024/texmf-dist/fonts/enc/dvips/base/8r.enc}]
Overfull \hbox (124.78648pt too wide) detected at line 112
 [] [] [] [] [] [] 
 []


Overfull \hbox (6.21786pt too wide) in paragraph at lines 112--112
[][]  
 []

(./Slides_Week05.toc) [2

]
Overfull \hbox (124.78648pt too wide) detected at line 114
 [] [] [] [] [] [] 
 []


Overfull \hbox (6.21786pt too wide) in paragraph at lines 114--114
[][]  
 []

(./Slides_Week05.toc) [3

]
Overfull \hbox (124.78648pt too wide) detected at line 142
 [] [] [] [] [] [] 
 []


Overfull \hbox (6.21786pt too wide) in paragraph at lines 142--142
[][]  
 []

LaTeX Font Info:    Trying to load font information for U+msa on input line 142.
(/usr/local/texlive/2024/texmf-dist/tex/latex/amsfonts/umsa.fd
File: umsa.fd 2013/01/14 v3.01 AMS symbols A
)
LaTeX Font Info:    Trying to load font information for U+msb on input line 142.
 (/usr/local/texlive/2024/texmf-dist/tex/latex/amsfonts/umsb.fd
File: umsb.fd 2013/01/14 v3.01 AMS symbols B
)
Overfull \hbox (124.78648pt too wide) has occurred while \output is active
 [] [] [] [] [] [] 
 []


Overfull \hbox (6.21786pt too wide) has occurred while \output is active
[][] 
 []

[4

]
Overfull \hbox (124.78648pt too wide) detected at line 152
 [] [] [] [] [] [] 
 []


Overfull \hbox (6.21786pt too wide) in paragraph at lines 152--152
[][]  
 []

<images/gruber_7e_lecture_slides_ch15_slide4_img2.png, id=118, 1446.40375pt x 596.2275pt>
File: images/gruber_7e_lecture_slides_ch15_slide4_img2.png Graphic file (type png)
<use images/gruber_7e_lecture_slides_ch15_slide4_img2.png>
Package pdftex.def Info: images/gruber_7e_lecture_slides_ch15_slide4_img2.png  used on input line 152.
(pdftex.def)             Requested size: 375.07587pt x 154.6061pt.

Overfull \hbox (124.78648pt too wide) has occurred while \output is active
 [] [] [] [] [] [] 
 []


Overfull \hbox (6.21786pt too wide) has occurred while \output is active
[][] 
 []

[5

 <./images/gruber_7e_lecture_slides_ch15_slide4_img2.png (PNG copy)>]
Overfull \hbox (124.78648pt too wide) detected at line 160
 [] [] [] [] [] [] 
 []


Overfull \hbox (6.21786pt too wide) in paragraph at lines 160--160
[][]  
 []

<images/LifeExpectancy.png, id=130, 673.51625pt x 475.7775pt>
File: images/LifeExpectancy.png Graphic file (type png)
<use images/LifeExpectancy.png>
Package pdftex.def Info: images/LifeExpectancy.png  used on input line 160.
(pdftex.def)             Requested size: 309.48209pt x 218.62206pt.

Overfull \vbox (29.73749pt too high) detected at line 160
 []


Overfull \hbox (124.78648pt too wide) has occurred while \output is active
 [] [] [] [] [] [] 
 []


Overfull \hbox (6.21786pt too wide) has occurred while \output is active
[][] 
 []

[6

 <./images/LifeExpectancy.png>]
Overfull \hbox (124.78648pt too wide) detected at line 170
 [] [] [] [] [] [] 
 []


Overfull \hbox (6.21786pt too wide) in paragraph at lines 170--170
[][]  
 []

<images/gruber_7e_lecture_slides_ch15_slide5_img3.png, id=144, 1094.0875pt x 1052.93375pt>
File: images/gruber_7e_lecture_slides_ch15_slide5_img3.png Graphic file (type png)
<use images/gruber_7e_lecture_slides_ch15_slide5_img3.png>
Package pdftex.def Info: images/gruber_7e_lecture_slides_ch15_slide5_img3.png  used on input line 170.
(pdftex.def)             Requested size: 204.43973pt x 196.75851pt.

Overfull \vbox (38.0103pt too high) detected at line 170
 []


Overfull \hbox (124.78648pt too wide) has occurred while \output is active
 [] [] [] [] [] [] 
 []


Overfull \hbox (6.21786pt too wide) has occurred while \output is active
[][] 
 []

[7

 <./images/gruber_7e_lecture_slides_ch15_slide5_img3.png (PNG copy)>]
Overfull \hbox (124.78648pt too wide) detected at line 180
 [] [] [] [] [] [] 
 []


Overfull \hbox (6.21786pt too wide) in paragraph at lines 180--180
[][]  
 []

<images/gruber_7e_lecture_slides_ch15_slide6_img4.png, id=157, 1446.40375pt x 763.85374pt>
File: images/gruber_7e_lecture_slides_ch15_slide6_img4.png Graphic file (type png)
<use images/gruber_7e_lecture_slides_ch15_slide6_img4.png>
Package pdftex.def Info: images/gruber_7e_lecture_slides_ch15_slide6_img4.png  used on input line 180.
(pdftex.def)             Requested size: 354.24327pt x 187.07004pt.

Overfull \vbox (46.19547pt too high) detected at line 180
 []


Overfull \hbox (124.78648pt too wide) has occurred while \output is active
 [] [] [] [] [] [] 
 []


Overfull \hbox (6.21786pt too wide) has occurred while \output is active
[][] 
 []

[8

 <./images/gruber_7e_lecture_slides_ch15_slide6_img4.png (PNG copy)>]
Overfull \hbox (124.78648pt too wide) detected at line 199
 [] [] [] [] [] [] 
 []


Overfull \hbox (6.21786pt too wide) in paragraph at lines 199--199
[][]  
 []


Overfull \hbox (124.78648pt too wide) has occurred while \output is active
 [] [] [] [] [] [] 
 []


Overfull \hbox (6.21786pt too wide) has occurred while \output is active
[][] 
 []

[9

]
Overfull \hbox (124.78648pt too wide) detected at line 209
 [] [] [] [] [] [] 
 []


Overfull \hbox (6.21786pt too wide) in paragraph at lines 209--209
[][]  
 []

<images/gruber_7e_lecture_slides_ch15_slide8_img5.png, id=180, 1093.08376pt x 1181.41376pt>
File: images/gruber_7e_lecture_slides_ch15_slide8_img5.png Graphic file (type png)
<use images/gruber_7e_lecture_slides_ch15_slide8_img5.png>
Package pdftex.def Info: images/gruber_7e_lecture_slides_ch15_slide8_img5.png  used on input line 209.
(pdftex.def)             Requested size: 161.82056pt x 174.8983pt.

Overfull \vbox (33.89227pt too high) detected at line 209
 []


Overfull \hbox (124.78648pt too wide) has occurred while \output is active
 [] [] [] [] [] [] 
 []


Overfull \hbox (6.21786pt too wide) has occurred while \output is active
[][] 
 []

[10

 <./images/gruber_7e_lecture_slides_ch15_slide8_img5.png (PNG copy)>]
Overfull \hbox (124.78648pt too wide) detected at line 225
 [] [] [] [] [] [] 
 []


Overfull \hbox (6.21786pt too wide) in paragraph at lines 225--225
[][]  
 []


Overfull \hbox (124.78648pt too wide) has occurred while \output is active
 [] [] [] [] [] [] 
 []


Overfull \hbox (6.21786pt too wide) has occurred while \output is active
[][] 
 []

[11

]
Overfull \hbox (124.78648pt too wide) detected at line 235
 [] [] [] [] [] [] 
 []


Overfull \hbox (6.21786pt too wide) in paragraph at lines 235--235
[][]  
 []

<images/gruber_7e_lecture_slides_ch15_slide10_img6.png, id=204, 1095.09125pt x 1365.1pt>
File: images/gruber_7e_lecture_slides_ch15_slide10_img6.png Graphic file (type png)
<use images/gruber_7e_lecture_slides_ch15_slide10_img6.png>
Package pdftex.def Info: images/gruber_7e_lecture_slides_ch15_slide10_img6.png  used on input line 235.
(pdftex.def)             Requested size: 312.56534pt x 389.64078pt.

Overfull \vbox (235.1662pt too high) detected at line 235
 []


Overfull \hbox (124.78648pt too wide) has occurred while \output is active
 [] [] [] [] [] [] 
 []


Overfull \hbox (6.21786pt too wide) has occurred while \output is active
[][] 
 []

[12

 <./images/gruber_7e_lecture_slides_ch15_slide10_img6.png (PNG copy)>]
Overfull \hbox (124.78648pt too wide) detected at line 253
 [] [] [] [] [] [] 
 []


Overfull \hbox (6.21786pt too wide) in paragraph at lines 253--253
[][]  
 []


Overfull \hbox (124.78648pt too wide) has occurred while \output is active
 [] [] [] [] [] [] 
 []


Overfull \hbox (6.21786pt too wide) has occurred while \output is active
[][] 
 []

[13

]
Overfull \hbox (124.78648pt too wide) detected at line 275
 [] [] [] [] [] [] 
 []


Overfull \hbox (6.21786pt too wide) in paragraph at lines 275--275
[][]  
 []

LaTeX Font Info:    Font shape `T1/phv/m/it' in size <10.95> not available
(Font)              Font shape `T1/phv/m/sl' tried instead on input line 275.

Overfull \hbox (124.78648pt too wide) has occurred while \output is active
 [] [] [] [] [] [] 
 []


Overfull \hbox (6.21786pt too wide) has occurred while \output is active
[][] 
 []

[14

]
Overfull \hbox (124.78648pt too wide) detected at line 288
 [] [] [] [] [] [] 
 []


Overfull \hbox (6.21786pt too wide) in paragraph at lines 288--288
[][]  
 []


Overfull \hbox (124.78648pt too wide) has occurred while \output is active
 [] [] [] [] [] [] 
 []


Overfull \hbox (6.21786pt too wide) has occurred while \output is active
[][] 
 []

[15

]
Overfull \hbox (124.78648pt too wide) detected at line 307
 [] [] [] [] [] [] 
 []


Overfull \hbox (6.21786pt too wide) in paragraph at lines 307--307
[][]  
 []


Overfull \hbox (124.78648pt too wide) has occurred while \output is active
 [] [] [] [] [] [] 
 []


Overfull \hbox (6.21786pt too wide) has occurred while \output is active
[][] 
 []

[16

]
Overfull \hbox (124.78648pt too wide) detected at line 333
 [] [] [] [] [] [] 
 []


Overfull \hbox (6.21786pt too wide) in paragraph at lines 333--333
[][]  
 []


Overfull \hbox (124.78648pt too wide) has occurred while \output is active
 [] [] [] [] [] [] 
 []


Overfull \hbox (6.21786pt too wide) has occurred while \output is active
[][] 
 []

[17

]
Overfull \hbox (124.78648pt too wide) detected at line 355
 [] [] [] [] [] [] 
 []


Overfull \hbox (6.21786pt too wide) in paragraph at lines 355--355
[][]  
 []


Overfull \hbox (124.78648pt too wide) has occurred while \output is active
 [] [] [] [] [] [] 
 []


Overfull \hbox (6.21786pt too wide) has occurred while \output is active
[][] 
 []

[18

]
Overfull \hbox (124.78648pt too wide) detected at line 368
 [] [] [] [] [] [] 
 []


Overfull \hbox (6.21786pt too wide) in paragraph at lines 368--368
[][]  
 []


Overfull \hbox (124.78648pt too wide) has occurred while \output is active
 [] [] [] [] [] [] 
 []


Overfull \hbox (6.21786pt too wide) has occurred while \output is active
[][] 
 []

[19

]
Overfull \hbox (124.78648pt too wide) detected at line 383
 [] [] [] [] [] [] 
 []


Overfull \hbox (6.21786pt too wide) in paragraph at lines 383--383
[][]  
 []


Overfull \hbox (124.78648pt too wide) has occurred while \output is active
 [] [] [] [] [] [] 
 []


Overfull \hbox (6.21786pt too wide) has occurred while \output is active
[][] 
 []

[20

]
Overfull \hbox (124.78648pt too wide) detected at line 396
 [] [] [] [] [] [] 
 []


Overfull \hbox (6.21786pt too wide) in paragraph at lines 396--396
[][]  
 []


Overfull \hbox (124.78648pt too wide) has occurred while \output is active
 [] [] [] [] [] [] 
 []


Overfull \hbox (6.21786pt too wide) has occurred while \output is active
[][] 
 []

[21

]
Overfull \hbox (124.78648pt too wide) detected at line 415
 [] [] [] [] [] [] 
 []


Overfull \hbox (6.21786pt too wide) in paragraph at lines 415--415
[][]  
 []


Overfull \hbox (124.78648pt too wide) has occurred while \output is active
 [] [] [] [] [] [] 
 []


Overfull \hbox (6.21786pt too wide) has occurred while \output is active
[][] 
 []

[22

]
Overfull \hbox (124.78648pt too wide) detected at line 434
 [] [] [] [] [] [] 
 []


Overfull \hbox (6.21786pt too wide) in paragraph at lines 434--434
[][]  
 []


Overfull \hbox (124.78648pt too wide) has occurred while \output is active
 [] [] [] [] [] [] 
 []


Overfull \hbox (6.21786pt too wide) has occurred while \output is active
[][] 
 []

[23

]
Overfull \hbox (124.78648pt too wide) detected at line 447
 [] [] [] [] [] [] 
 []


Overfull \hbox (6.21786pt too wide) in paragraph at lines 447--447
[][]  
 []


Overfull \hbox (124.78648pt too wide) has occurred while \output is active
 [] [] [] [] [] [] 
 []


Overfull \hbox (6.21786pt too wide) has occurred while \output is active
[][] 
 []

[24

]
Overfull \hbox (124.78648pt too wide) detected at line 449
 [] [] [] [] [] [] 
 []


Overfull \hbox (6.21786pt too wide) in paragraph at lines 449--449
[][]  
 []

(./Slides_Week05.toc) [25

]
Overfull \hbox (124.78648pt too wide) detected at line 464
 [] [] [] [] [] [] 
 []


Overfull \hbox (6.21786pt too wide) in paragraph at lines 464--464
[][]  
 []


Overfull \hbox (124.78648pt too wide) has occurred while \output is active
 [] [] [] [] [] [] 
 []


Overfull \hbox (6.21786pt too wide) has occurred while \output is active
[][] 
 []

[26

]
Overfull \hbox (124.78648pt too wide) detected at line 476
 [] [] [] [] [] [] 
 []


Overfull \hbox (6.21786pt too wide) in paragraph at lines 476--476
[][]  
 []


Overfull \hbox (124.78648pt too wide) has occurred while \output is active
 [] [] [] [] [] [] 
 []


Overfull \hbox (6.21786pt too wide) has occurred while \output is active
[][] 
 []

[27

]
Overfull \hbox (124.78648pt too wide) detected at line 486
 [] [] [] [] [] [] 
 []


Overfull \hbox (6.21786pt too wide) in paragraph at lines 486--486
[][]  
 []

<images/gruber_7e_lecture_slides_ch15_slide29_img7.png, id=385, 1095.09125pt x 656.4525pt>
File: images/gruber_7e_lecture_slides_ch15_slide29_img7.png Graphic file (type png)
<use images/gruber_7e_lecture_slides_ch15_slide29_img7.png>
Package pdftex.def Info: images/gruber_7e_lecture_slides_ch15_slide29_img7.png  used on input line 486.
(pdftex.def)             Requested size: 333.4043pt x 199.86212pt.

Overfull \vbox (38.8034pt too high) detected at line 486
 []


Overfull \hbox (124.78648pt too wide) has occurred while \output is active
 [] [] [] [] [] [] 
 []


Overfull \hbox (6.21786pt too wide) has occurred while \output is active
[][] 
 []

[28

 <./images/gruber_7e_lecture_slides_ch15_slide29_img7.png (PNG copy)>]
Overfull \hbox (124.78648pt too wide) detected at line 496
 [] [] [] [] [] [] 
 []


Overfull \hbox (6.21786pt too wide) in paragraph at lines 496--496
[][]  
 []

<images/gruber_7e_lecture_slides_ch15_slide30_img8.png, id=397, 1094.0875pt x 699.61375pt>
File: images/gruber_7e_lecture_slides_ch15_slide30_img8.png Graphic file (type png)
<use images/gruber_7e_lecture_slides_ch15_slide30_img8.png>
Package pdftex.def Info: images/gruber_7e_lecture_slides_ch15_slide30_img8.png  used on input line 496.
(pdftex.def)             Requested size: 312.56534pt x 199.87238pt.

Overfull \vbox (41.12416pt too high) detected at line 496
 []


Overfull \hbox (124.78648pt too wide) has occurred while \output is active
 [] [] [] [] [] [] 
 []


Overfull \hbox (6.21786pt too wide) has occurred while \output is active
[][] 
 []

[29

 <./images/gruber_7e_lecture_slides_ch15_slide30_img8.png (PNG copy)>]
Overfull \hbox (124.78648pt too wide) detected at line 515
 [] [] [] [] [] [] 
 []


Overfull \hbox (6.21786pt too wide) in paragraph at lines 515--515
[][]  
 []


Overfull \hbox (124.78648pt too wide) has occurred while \output is active
 [] [] [] [] [] [] 
 []


Overfull \hbox (6.21786pt too wide) has occurred while \output is active
[][] 
 []

[30

]
Overfull \hbox (124.78648pt too wide) detected at line 531
 [] [] [] [] [] [] 
 []


Overfull \hbox (6.21786pt too wide) in paragraph at lines 531--531
[][]  
 []

<images/gruber_7e_lecture_slides_ch15_slide32_img9.png, id=420, 1096.095pt x 1526.70375pt>
File: images/gruber_7e_lecture_slides_ch15_slide32_img9.png Graphic file (type png)
<use images/gruber_7e_lecture_slides_ch15_slide32_img9.png>
Package pdftex.def Info: images/gruber_7e_lecture_slides_ch15_slide32_img9.png  used on input line 531.
(pdftex.def)             Requested size: 216.71375pt x 301.841pt.

Overfull \vbox (183.5823pt too high) detected at line 531
 []


Overfull \hbox (124.78648pt too wide) has occurred while \output is active
 [] [] [] [] [] [] 
 []


Overfull \hbox (6.21786pt too wide) has occurred while \output is active
[][] 
 []

[31

 <./images/gruber_7e_lecture_slides_ch15_slide32_img9.png (PNG copy)>]
Overfull \hbox (124.78648pt too wide) detected at line 554
 [] [] [] [] [] [] 
 []


Overfull \hbox (6.21786pt too wide) in paragraph at lines 554--554
[][]  
 []


Overfull \hbox (124.78648pt too wide) has occurred while \output is active
 [] [] [] [] [] [] 
 []


Overfull \hbox (6.21786pt too wide) has occurred while \output is active
[][] 
 []

[32

]
Overfull \hbox (124.78648pt too wide) detected at line 556
 [] [] [] [] [] [] 
 []


Overfull \hbox (6.21786pt too wide) in paragraph at lines 556--556
[][]  
 []

(./Slides_Week05.toc) [33

]
Overfull \hbox (124.78648pt too wide) detected at line 558
 [] [] [] [] [] [] 
 []


Overfull \hbox (6.21786pt too wide) in paragraph at lines 558--558
[][]  
 []

(./Slides_Week05.toc) [34

]
Overfull \hbox (124.78648pt too wide) detected at line 560
 [] [] [] [] [] [] 
 []


Overfull \hbox (6.21786pt too wide) in paragraph at lines 560--560
[][]  
 []

(./Slides_Week05.toc) [35

]
Overfull \hbox (124.78648pt too wide) detected at line 562
 [] [] [] [] [] [] 
 []


Overfull \hbox (6.21786pt too wide) in paragraph at lines 562--562
[][]  
 []

(./Slides_Week05.toc) [36

]
Overfull \hbox (124.78648pt too wide) detected at line 564
 [] [] [] [] [] [] 
 []


Overfull \hbox (6.21786pt too wide) in paragraph at lines 564--564
[][]  
 []

(./Slides_Week05.toc) [37

]
Overfull \hbox (124.78648pt too wide) detected at line 566
 [] [] [] [] [] [] 
 []


Overfull \hbox (6.21786pt too wide) in paragraph at lines 566--566
[][]  
 []

(./Slides_Week05.toc) [38

]
Overfull \hbox (124.78648pt too wide) detected at line 568
 [] [] [] [] [] [] 
 []


Overfull \hbox (6.21786pt too wide) in paragraph at lines 568--568
[][]  
 []

(./Slides_Week05.toc) [39

]
Overfull \hbox (124.78648pt too wide) detected at line 570
 [] [] [] [] [] [] 
 []


Overfull \hbox (6.21786pt too wide) in paragraph at lines 570--570
[][]  
 []

(./Slides_Week05.toc) [40

]
Overfull \hbox (124.78648pt too wide) detected at line 577
 [] [] [] [] [] [] 
 []


Overfull \hbox (6.21786pt too wide) in paragraph at lines 577--577
[][]  
 []


Overfull \hbox (124.78648pt too wide) has occurred while \output is active
 [] [] [] [] [] [] 
 []


Overfull \hbox (6.21786pt too wide) has occurred while \output is active
[][] 
 []

[41

]
Overfull \hbox (124.78648pt too wide) detected at line 591
 [] [] [] [] [] [] 
 []


Overfull \hbox (6.21786pt too wide) in paragraph at lines 591--591
[][]  
 []


Overfull \hbox (124.78648pt too wide) has occurred while \output is active
 [] [] [] [] [] [] 
 []


Overfull \hbox (6.21786pt too wide) has occurred while \output is active
[][] 
 []

[42

]
Overfull \hbox (124.78648pt too wide) detected at line 610
 [] [] [] [] [] [] 
 []


Overfull \hbox (6.21786pt too wide) in paragraph at lines 610--610
[][]  
 []


Overfull \hbox (124.78648pt too wide) has occurred while \output is active
 [] [] [] [] [] [] 
 []


Overfull \hbox (6.21786pt too wide) has occurred while \output is active
[][] 
 []

[43

]
Overfull \hbox (124.78648pt too wide) detected at line 635
 [] [] [] [] [] [] 
 []


Overfull \hbox (6.21786pt too wide) in paragraph at lines 635--635
[][]  
 []


Overfull \hbox (124.78648pt too wide) has occurred while \output is active
 [] [] [] [] [] [] 
 []


Overfull \hbox (6.21786pt too wide) has occurred while \output is active
[][] 
 []

[44

]
Overfull \hbox (124.78648pt too wide) detected at line 663
 [] [] [] [] [] [] 
 []


Overfull \hbox (6.21786pt too wide) in paragraph at lines 663--663
[][]  
 []


Overfull \hbox (124.78648pt too wide) has occurred while \output is active
 [] [] [] [] [] [] 
 []


Overfull \hbox (6.21786pt too wide) has occurred while \output is active
[][] 
 []

[45

]
Overfull \hbox (124.78648pt too wide) detected at line 685
 [] [] [] [] [] [] 
 []


Overfull \hbox (6.21786pt too wide) in paragraph at lines 685--685
[][]  
 []


Overfull \hbox (124.78648pt too wide) has occurred while \output is active
 [] [] [] [] [] [] 
 []


Overfull \hbox (6.21786pt too wide) has occurred while \output is active
[][] 
 []

[46

]
Overfull \hbox (124.78648pt too wide) detected at line 707
 [] [] [] [] [] [] 
 []


Overfull \hbox (6.21786pt too wide) in paragraph at lines 707--707
[][]  
 []


Overfull \hbox (124.78648pt too wide) has occurred while \output is active
 [] [] [] [] [] [] 
 []


Overfull \hbox (6.21786pt too wide) has occurred while \output is active
[][] 
 []

[47

]
Overfull \hbox (124.78648pt too wide) detected at line 732
 [] [] [] [] [] [] 
 []


Overfull \hbox (6.21786pt too wide) in paragraph at lines 732--732
[][]  
 []


Overfull \hbox (124.78648pt too wide) has occurred while \output is active
 [] [] [] [] [] [] 
 []


Overfull \hbox (6.21786pt too wide) has occurred while \output is active
[][] 
 []

[48

]
Overfull \hbox (124.78648pt too wide) detected at line 745
 [] [] [] [] [] [] 
 []


Overfull \hbox (6.21786pt too wide) in paragraph at lines 745--745
[][]  
 []


Overfull \hbox (124.78648pt too wide) has occurred while \output is active
 [] [] [] [] [] [] 
 []


Overfull \hbox (6.21786pt too wide) has occurred while \output is active
[][] 
 []

[49

]
Overfull \hbox (124.78648pt too wide) detected at line 755
 [] [] [] [] [] [] 
 []


Overfull \hbox (6.21786pt too wide) in paragraph at lines 755--755
[][]  
 []

<images/gruber_7e_lecture_slides_ch16_slide29_img3.png, id=670, 1446.40375pt x 561.09625pt>
File: images/gruber_7e_lecture_slides_ch16_slide29_img3.png Graphic file (type png)
<use images/gruber_7e_lecture_slides_ch16_slide29_img3.png>
Package pdftex.def Info: images/gruber_7e_lecture_slides_ch16_slide29_img3.png  used on input line 755.
(pdftex.def)             Requested size: 416.7538pt x 161.66922pt.

Overfull \vbox (2.921pt too high) detected at line 755
 []


Overfull \hbox (124.78648pt too wide) has occurred while \output is active
 [] [] [] [] [] [] 
 []


Overfull \hbox (6.21786pt too wide) has occurred while \output is active
[][] 
 []

[50

 <./images/gruber_7e_lecture_slides_ch16_slide29_img3.png (PNG copy)>]
Overfull \hbox (124.78648pt too wide) detected at line 771
 [] [] [] [] [] [] 
 []


Overfull \hbox (6.21786pt too wide) in paragraph at lines 771--771
[][]  
 []


Overfull \hbox (124.78648pt too wide) has occurred while \output is active
 [] [] [] [] [] [] 
 []


Overfull \hbox (6.21786pt too wide) has occurred while \output is active
[][] 
 []

[51

]
Overfull \hbox (124.78648pt too wide) detected at line 780
 [] [] [] [] [] [] 
 []


Overfull \hbox (6.21786pt too wide) in paragraph at lines 780--780
[][]  
 []


Overfull \hbox (124.78648pt too wide) has occurred while \output is active
 [] [] [] [] [] [] 
 []


Overfull \hbox (6.21786pt too wide) has occurred while \output is active
[][] 
 []

[52

]
Overfull \hbox (124.78648pt too wide) detected at line 787
 [] [] [] [] [] [] 
 []


Overfull \hbox (6.21786pt too wide) in paragraph at lines 787--787
[][]  
 []

<images/DD_Pic.png, id=704, 573.8238pt x 318.9516pt>
File: images/DD_Pic.png Graphic file (type png)
<use images/DD_Pic.png>
Package pdftex.def Info: images/DD_Pic.png  used on input line 787.
(pdftex.def)             Requested size: 395.91483pt x 220.0671pt.

Overfull \vbox (31.18253pt too high) detected at line 787
 []


Overfull \hbox (124.78648pt too wide) has occurred while \output is active
 [] [] [] [] [] [] 
 []


Overfull \hbox (6.21786pt too wide) has occurred while \output is active
[][] 
 []

[53

 <./images/DD_Pic.png>]
Overfull \hbox (124.78648pt too wide) detected at line 809
 [] [] [] [] [] [] 
 []


Overfull \hbox (6.21786pt too wide) in paragraph at lines 809--809
[][]  
 []


Overfull \hbox (124.78648pt too wide) has occurred while \output is active
 [] [] [] [] [] [] 
 []


Overfull \hbox (6.21786pt too wide) has occurred while \output is active
[][] 
 []

[54

]
Overfull \hbox (124.78648pt too wide) detected at line 825
 [] [] [] [] [] [] 
 []


Overfull \hbox (6.21786pt too wide) in paragraph at lines 825--825
[][]  
 []


Overfull \hbox (124.78648pt too wide) has occurred while \output is active
 [] [] [] [] [] [] 
 []


Overfull \hbox (6.21786pt too wide) has occurred while \output is active
[][] 
 []

[55

]
Overfull \hbox (124.78648pt too wide) detected at line 827
 [] [] [] [] [] [] 
 []


Overfull \hbox (6.21786pt too wide) in paragraph at lines 827--827
[][]  
 []

(./Slides_Week05.toc) [56

]
Overfull \hbox (124.78648pt too wide) detected at line 842
 [] [] [] [] [] [] 
 []


Overfull \hbox (6.21786pt too wide) in paragraph at lines 842--842
[][]  
 []

LaTeX Font Info:    Trying to load font information for T1+cmtt on input line 842.
(/usr/local/texlive/2024/texmf-dist/tex/latex/base/t1cmtt.fd
File: t1cmtt.fd 2023/04/13 v2.5m Standard LaTeX font definitions
)
Overfull \hbox (57.69249pt too wide) in paragraph at lines 842--842
\T1/cmtt/m/n/10 health-[]insurance-[]premium-[]spikes-[]imminent-[]as-[]tax-[]credit-[]enhancements-[]set-[]to-[]expire$[][][][]  
 []


Overfull \hbox (15.70274pt too wide) in paragraph at lines 842--842
\T1/cmtt/m/n/10 48-[]million-[]people-[]will-[]lose-[]coverage-[]2026-[]if-[]enhanced-[]premium-[]tax-[]credits$[][][][]  
 []


Overfull \hbox (36.19762pt too wide) in paragraph at lines 842--842
\T1/cmtt/m/n/10 how-[]to-[]evaluate-[]proposals-[]to-[]address-[]expiring-[]premium-[]tax-[]credit-[]enhancements$[][][][]  
 []


Overfull \hbox (124.78648pt too wide) has occurred while \output is active
 [] [] [] [] [] [] 
 []


Overfull \hbox (6.21786pt too wide) has occurred while \output is active
[][] 
 []

[57

{/usr/local/texlive/2024/texmf-dist/fonts/enc/dvips/cm-super/cm-super-t1.enc}]
\tf@nav=\write6
\openout6 = `Slides_Week05.nav'.

\tf@toc=\write7
\openout7 = `Slides_Week05.toc'.

\tf@snm=\write8
\openout8 = `Slides_Week05.snm'.

 (./Slides_Week05.aux)
 ***********
LaTeX2e <2023-11-01> patch level 1
L3 programming layer <2024-02-20>
 ***********
Package rerunfilecheck Info: File `Slides_Week05.out' has not changed.
(rerunfilecheck)             Checksum: 55BA65B42138FF31443DCB176F3C5F36;2932.
 )
(\end occurred when \iftrue on line 827 was incomplete)
(\end occurred when \iftrue on line 570 was incomplete)
(\end occurred when \iftrue on line 568 was incomplete)
(\end occurred when \iftrue on line 566 was incomplete)
(\end occurred when \iftrue on line 564 was incomplete)
(\end occurred when \iftrue on line 562 was incomplete)
(\end occurred when \iftrue on line 560 was incomplete)
(\end occurred when \iftrue on line 558 was incomplete)
(\end occurred when \iftrue on line 556 was incomplete)
(\end occurred when \iftrue on line 449 was incomplete)
(\end occurred when \iftrue on line 114 was incomplete)
(\end occurred when \iftrue on line 112 was incomplete) 
Here is how much of TeX's memory you used:
 29709 strings out of 474116
 615454 string characters out of 5743683
 1939187 words of memory out of 5000000
 51293 multiletter control sequences out of 15000+600000
 593577 words of font info for 89 fonts, out of 8000000 for 9000
 1141 hyphenation exceptions out of 8191
 128i,16n,123p,509b,589s stack positions out of 10000i,1000n,20000p,200000b,200000s
</usr/local/texlive/2024/texmf-dist/fonts/type1/public/amsfonts/symbols/msam10.pfb></usr/local/texlive/2024/texmf-dist/fonts/type1/public/cm-super/sftt1000.pfb></usr/local/texlive/2024/texmf-dist/fonts/type1/public/cm-super/sftt1095.pfb></usr/local/texlive/2024/texmf-dist/fonts/type1/urw/helvetic/uhvb8a.pfb></usr/local/texlive/2024/texmf-dist/fonts/type1/urw/helvetic/uhvr8a.pfb></usr/local/texlive/2024/texmf-dist/fonts/type1/urw/helvetic/uhvro8a.pfb>
Output written on Slides_Week05.pdf (57 pages, 1053927 bytes).
PDF statistics:
 841 PDF objects out of 1000 (max. 8388607)
 571 compressed objects within 6 object streams
 127 named destinations out of 1000 (max. 500000)
 194 words of extra memory for PDF output out of 10000 (max. 10000000)

